28 2822 1377 1285 4050 1913 7406 6817 5969 8309 1694 2502 4092 7532 8148 8221 583 6792 9429 6558 1561 6243 4968 752 1518 891 5948 5002 9346
27 2921 1387 1066 9817 8072 5348 9571 2233 7671 6715 3110 9855 9490 5808 5202 7778 6288 7964 4206 8030 8104 5728 8043 573 6404 6564 8629
30 7136 2202 1670 2971 7367 8663 3443 7299 4377 8398 1118 6989 1444 9216 2354 5072 9050 461 6476 3414 6219 1949 6694 1900 7644 6002 8484 5844 518 4678
32 3117 5336 9522 8049 3623 2912 5368 134 3439 8460 4785 8808 6693 6178 2463 1294 7088 6100 1439 5484 8133 3790 535 7599 469 5341 1374 9924 8708 6311 8151 9768
27 835 3104 9913 108 3278 5182 2439 9583 720 1427 8652 4375 9043 9796 1122 8975 5287 3184 6199 9639 3864 464 5805 501 5372 4354 8180
28 8450 4246 9756 9052 5226 7177 3238 8500 1420 5523 9973 5279 4456 7884 1249 9564 7733 4596 4595 6333 1703 3676 880 8192 4961 749 8236 3059
25 7833 1038 2876 8950 6869 4309 6409 6276 4647 1163 2859 4081 5581 9325 9077 1073 2458 1475 9945 6702 6838 3406 6266 8387 6576
29 2603 9054 9257 6890 4802 3139 6485 4221 6764 4292 6705 1585 5367 8015 7882 4335 222 7823 6083 4439 3787 6801 6909 4416 4337 9023 9505 4635 5921
29 2139 8177 7251 6936 7742 5308 3757 2221 7878 4444 8466 1395 1920 387 3010 4862 66 8972 6946 8563 6349 1455 3655 5560 1396 1105 8774 9724 3748
33 9670 8669 8152 2 9627 2018 4642 9853 3304 1301 9562 4101 4547 8390 4157 7757 379 4059 3596 8684 9294 6458 8881 5824 3586 5521 8695 8658 2516 3381 764 6017 9600
28 1959 7382 5967 6258 9836 8615 7176 236 8328 3544 4201 7785 5411 664 5622 2292 5043 8403 5469 4920 6467 1857 9253 6783 4352 7123 9163 7234
29 1785 476 3339 4219 5313 2429 9238 7748 9658 8358 5096 123 9824 2704 9673 3004 3728 5431 1273 7504 1663 6080 7306 5629 806 8743 9349 5681 8694
29 2635 9561 8073 3659 9984 9123 4152 1430 2298 1821 1121 4679 5983 8350 2675 7130 7033 4737 2200 8643 3029 4462 5719 978 6059 2357 3697 7608 3143
33 6933 5097 7569 5545 6973 9790 7488 164 2433 4457 4958 878 6224 1933 7072 2730 4128 7238 369 6953 812 1903 4686 6131 8719 4036 4999 7457 20 5787 5507 1106 7368
31 5260 5535 5528 9042 1024 1380 8991 3300 6944 8912 6188 2725 1045 2685 3321 1507 2527 5880 1652 1582 122 727 3223 1658 7972 1981 9987 8105 4135 9802 2480
29 493 7096 4951 702 3698 3844 2664 5714 4478 6218 1477 2835 7776 5852 2682 639 4934 9999 905 9239 4876 6834 542 7073 7734 7164 5926 3138 8932
25 333 7205 910 6509 605 4903 956 8541 5023 1435 3839 8007 245 2226 4610 481 9337 2932 6855 2025 4571 3274 4998 2952 4821
26 2098 3505 2169 9816 1373 7960 4044 5763 718 4002 8482 1856 7075 6698 8960 5013 801 6035 6605 4445 1912 5819 192 6074 2585 1397
29 6261 7047 281 9129 5020 1787 3669 4524 6186 1692 6820 2943 39 9628 8115 376 3152 449 6512 8626 5094 7269 6290 4012 4608 4224 1928 9860 4964
30 2734 5325 4338 5127 3367 2519 4795 4356 5570 6523 2286 753 6997 3635 6915 9334 99 1511 5806 7181 5186 72 7372 2159 7567 3948 7100 2789 9697 9255
28 6599 8644 3765 7752 1776 2218 8634 6167 6436 1304 5055 6225 8931 430 9256 8732 9119 299 2886 4886 5626 8474 9348 4369 5459 6972 8317 4037
27 3060 551 1926 5705 8410 5218 8741 9451 4306 2055 7958 2900 2235 2800 3692 775 7881 2453 7095 8275 932 7052 8002 6377 3580 537 7722
30 2446 2996 9957 2335 8003 1080 2036 9329 3528 5512 1219 9056 7039 5000 1280 6892 6072 4970 9653 2208 4606 9275 3165 2340 4108 1378 5344 5960 5851 9837
29 2234 3025 8678 3051 3582 8445 7721 7061 3647 1007 6210 4344 259 58 8490 9668 6204 2690 5034 6297 6642 7389 113 737 5593 9916 6498 3188 1648
31 2922 994 1348 3027 5112 1554 8277 8957 5784 8441 5502 1683 4564 4696 1406 475 8295 1906 2684 2164 6789 5891 6372 9493 8252 2197 9962 8165 3349 6969 5044
29 2772 8835 7183 8464 3323 9629 4627 9406 4465 7835 5311 7076 2539 8332 5152 6624 8190 2714 904 3222 342 6641 9245 3627 9201 1119 8893 2895 9700
28 8033 3877 9635 2037 5082 7327 2771 261 7062 7122 9057 6719 9207 7012 318 6861 6712 8984 5625 162 6679 8788 7396 2105 8228 5930 470 3232
28 8103 750 4944 2384 7232 6912 6105 5759 8251 4885 4652 4728 2780 9769 6591 2872 6323 4482 2988 5458 3140 366 1953 5101 7542 2848 4707 233
24 4172 3179 457 40 8324 3898 8418 1904 4589 7401 7352 5699 1126 9389 1413 2407 7425 3768 8357 9193 2990 497 3062 8816
26 5634 7793 61 6275 5896 7467 6615 8783 363 9720 2325 228 4919 4371 3389 4149 716 9316 104 5172 1669 6293 4271 5678 3159 3386
34 6428 7313 7297 1704 7244 4195 3118 2770 8718 6919 2318 3908 6318 9332 6213 2645 9359 1819 7159 5692 2639 5444 3357 6194 8408 2437 7683 6013 9778 5161 9731 2620 7270 7936
26 7245 9037 9352 9073 9980 3722 1865 409 620 5793 1825 292 6082 3568 5299 7673 6649 6958 9226 7454 296 5657 4490 8986 6842 3870
30 45 8561 1204 2554 6928 2479 7952 9537 4621 5760 7765 2763 6674 6115 3390 5972 3250 8200 5248 1845 438 9663 9399 8323 4459 2275 166 1484 6843 7796
27 8854 8440 6935 4144 6844 2774 7390 5906 2808 9116 5874 4288 8597 6530 193 4847 8537 148 6608 1617 9468 6583 7713 6867 3451 5698 4419
34 2368 4501 4796 6231 421 3049 320 6361 1895 8316 4900 5070 4127 9218 3806 9931 7013 2593 507 7285 1733 1356 6733 1331 6241 1017 9221 2618 6532 5526 3161 2968 9873 9604
32 9475 5524 8568 6200 3312 2756 2914 2101 675 5396 5757 2892 4888 9368 3817 3543 8963 1892 3684 1840 3571 6039 9005 8380 8209 1497 9291 8306 9563 1255 3038 2497
26 3042 4757 7890 1907 4096 5506 8458 1096 6171 2986 5395 8989 4603 4226 2466 3552 3327 2592 260 5141 9905 8058 621 7319 6133 2436
27 5266 1925 1807 7335 2506 220 9675 468 1290 9703 709 6114 2967 7656 4693 8847 8429 8703 6937 3206 1153 1633 6745 4479 4699 1001 2494
30 6440 1817 4754 7011 6983 8884 2622 939 9461 5802 4684 9952 4428 3502 6338 1828 4103 241 9345 6682 5745 765 284 3995 1877 9517 8011 6332 655 1651
27 3039 5955 5113 8745 5829 4227 1055 883 2846 5578 7766 4906 2686 1553 9552 8578 2445 3293 9162 7041 1478 5649 3848 1209 3959 120 7153
29 6613 6720 6992 1036 4896 3295 6278 489 9477 2435 5401 893 5329 2092 4074 7171 131 8773 8900 7283 1335 5888 4485 2491 1281 8100 4268 1690 3876
30 2440 6671 5529 5632 3455 5 8285 6309 9084 2176 8602 3392 1402 5817 4420 5346 9387 5884 2521 8671 46 1324 1646 2865 4790 787 2054 9474 2809 8465
29 6198 3288 4766 6482 9175 6556 33 8581 8262 5687 5413 6707 9750 6024 5048 5426 9276 2118 2827 3397 5518 7512 3081 4381 3796 2915 6942 7911 2107
33 1434 7613 4238 7894 2430 375 8681 6634 7296 2680 987 6185 9412 1988 55 1418 2114 5804 1057 5899 6939 9016 8340 7092 8789 6260 9679 5543 8353 2215 4685 9343 6479
29 1179 482 1125 8977 5612 2752 8250 8834 1707 8904 3144 9035 4284 5869 1936 700 5642 3960 6853 5194 5858 329 1979 963 3706 251 7731 1327 8805
31 156 9696 23 4170 8778 1250 7158 5637 3821 8944 7863 527 7388 3175 5978 4750 1346 8082 7093 6247 4216 146 1031 7524 3614 2510 240 6442 265 2367 4901
28 6812 7787 1021 3682 2906 7667 8494 1411 1028 5856 7108 7237 3941 2220 4230 4378 211 3549 3788 8570 7303 6774 6717 9765 8290 1739 1235 7460
26 1711 6245 4400 5448 6753 4298 8249 6084 8260 9780 2276 3807 8149 6321 5730 1537 9998 1806 4269 5363 8633 2257 9099 2441 2781 9827
27 1134 6770 7191 3036 5912 2334 5878 2947 4665 4401 3982 3705 1830 9483 9295 7210 268 1901 797 5088 5996 1800 5549 5780 9152 3504 973
27 5876 957 2332 6699 4476 5610 3205 8292 3711 2919 7614 8623 7213 3246 2032 3672 8614 4305 2650 488 7263 6602 9886 1279 8895 4461 3285
29 1566 8607 8128 8710 5387 2168 443 2840 43 4521 8476 8213 5791 8661 2743 9996 8688 3837 5272 8419 5099 8101 3947 1347 1266 5032 1295 7294 5690
26 2758 9136 8797 5668 1123 4942 4273 4083 4124 3507 1303 603 1838 6611 5487 5617 6957 945 7085 8075 37 4367 427 8916 6320 2582
27 5959 9031 656 3763 5151 2801 173 200 51 9908 5404 5890 109 4423 4312 388 8336 9985 763 3189 3294 1527 4959 4905 5536 696 697
29 9151 7566 128 8890 2768 3114 4117 1532 7209 8943 9862 7589 9844 1662 2348 3512 4609 1955 672 2461 5992 2363 4733 5615 6833 3207 371 3808 9577
28 5604 7708 16 3380 5307 5580 7278 8848 789 5514 9839 300 5108 2683 1063 9852 1 6739 8868 3809 9373 1019 9686 8712 5918 7965 8715 2338
28 9861 1842 4909 4777 908 6551 8646 2207 1643 8755 909 8378 623 9047 1351 440 9676 4778 1984 7565 723 4267 6478 2094 1820 7435 4832 4625
25 4467 3562 5595 6250 8699 768 1340 6163 9737 332 8505 8899 9792 2342 2757 4054 4924 9142 5961 5155 1786 6181 9615 5284 6014
27 9832 2847 1746 854 1100 1558 289 8933 6212 4889 6609 2052 8189 3377 8550 9098 9674 9928 4464 3843 3593 712 1061 7788 637 869 960
27 9738 3075 7343 4996 5516 9462 4137 4874 8206 3484 2656 5579 5993 6483 958 9427 5989 599 2192 827 7452 8763 6339 2938 8272 5970 5361
27 8725 8383 7015 4239 1442 6966 6049 1770 5439 9274 9812 8857 510 7682 3525 1495 5733 9911 8580 8785 3221 821 6659 9865 3993 8298 5240
31 7080 1424 1014 8438 8530 4677 4076 7369 1253 8211 2078 4519 4100 9228 683 231 2251 1488 8029 3329 2602 1164 1569 4536 8716 2376 2261 8061 6626 1367 7021
25 3883 4433 170 8910 1854 107 793 5121 1309 1915 5438 9261 4177 815 8996 6965 6054 7786 9048 5250 8393 7705 9774 7934 1778
29 2150 9194 1067 6030 5598 7773 1547 7227 670 8689 452 1319 8752 5839 7587 9312 2043 2231 4946 7003 3282 2861 8430 8388 2454 8522 796 5635 7899
28 7318 804 3452 3921 5520 1575 7359 3156 9921 6927 7596 5894 9501 9800 264 8175 6884 2420 774 8021 7293 9108 8241 4973 8596 836 1990 6491
32 691 3169 6819 5310 8162 4001 8417 8968 1888 2001 4792 4857 9979 1405 7118 831 3463 3213 1169 7143 7098 6373 4308 7169 18 4593 9524 1543 4981 8225 6830 4690
26 3516 5475 5462 9384 8766 1300 2608 3651 7105 4504 8413 9414 2424 604 3814 8480 1619 6122 5358 7987 9881 2691 4840 5280 6656 7264
28 5455 3632 5077 3735 1758 2401 4694 8649 4562 4691 4293 9651 412 5962 914 3674 903 4557 8866 7495 3617 9313 3626 4336 3800 6447 1875 1911
26 7678 27 5206 5461 919 7016 7866 9362 7680 8330 2923 1102 5220 3287 649 8839 2449 7034 4121 2282 2927 7386 8776 6271 2296 1199
27 389 7720 8400 5566 7482 7842 9272 1012 2937 7462 991 5488 5840 947 6282 2462 5688 6759 7624 5362 8069 6116 9819 1454 1629 5216 7577
25 6130 6668 8983 4650 4926 8697 6618 3997 8322 1792 8089 5282 1458 9757 6492 2321 1563 3792 9938 6066 7220 1714 8077 2059 4364
28 8980 8971 9755 9811 9428 682 117 8680 9690 2629 1023 6025 8142 1894 5026 64 3473 2473 5061 5620 885 1570 809 3214 4995 3962 9786 7215
28 2995 2648 6461 7329 6382 6995 7621 3040 141 2989 2373 5281 2019 7077 305 9355 8667 4498 1116 6047 9605 4741 9633 4947 3467 1954 2659 7207
27 9058 9764 9131 8327 2201 8958 9533 2403 2083 7816 8813 2316 6298 2204 3888 4207 4321 7684 9195 6118 8280 7659 3045 3734 2969 8898 5738
31 9053 9443 1556 6493 1737 6292 6727 9880 9499 6711 3506 9993 9072 8345 9279 6450 8095 887 6417 772 6870 129 1859 9977 9020 6222 8409 4548 8548 900 6051
29 7643 5041 6664 1422 879 6242 8594 3804 630 3430 5222 886 7531 5352 9303 198 9326 3927 5825 8054 3965 1388 506 6239 3352 4936 6798 1522 1921
31 187 2191 8125 563 5171 4355 7526 3182 425 9153 4520 3494 7554 428 4471 6226 8764 4033 255 1950 6443 3915 1722 5089 4176 4783 8994 426 491 8819 2783
27 3190 8472 5503 5898 1700 7957 7637 2136 1730 1207 161 6814 9068 382 2278 1161 755 2112 1357 9063 6040 1305 843 5618 8268 7996 8618
29 3183 1492 3693 8875 6459 4629 3851 1245 6470 9327 1218 1092 4591 1934 8686 4045 6741 9616 5924 6079 5773 2259 913 9333 9903 218 1361 6184 4956
26 4904 3128 7060 9263 6566 7598 1657 2281 7784 6357 9689 5249 1929 7962 6156 5982 9140 1584 8973 4208 6316 2177 4287 7478 8574 202
27 3425 9992 2244 5910 6322 2295 7800 8812 5277 3105 6354 2314 6060 2981 5648 756 4894 5111 786 6420 6139 640 641 9463 8784 283 4331
27 2717 8246 5195 69 9752 9489 4015 1258 9554 1193 1872 5964 5803 6129 4160 1353 6119 7591 9473 2172 315 1731 5985 31 1015 9018 75
31 7849 3210 4503 2042 5400 4009 2138 466 6750 615 7771 4316 3360 8639 5820 9876 1927 297 4738 1471 9083 9926 2579 1277 5882 9293 3589 7921 4708 4418 7559
27 6885 9498 502 9785 3291 1441 2096 2601 9889 1688 7355 4376 989 3495 4819 5393 4786 7821 3726 4624 7602 3354 7951 3719 1211 9354 6575
28 9822 2381 5941 8118 4560 9096 163 941 6738 1797 9281 3055 5137 2984 5191 3641 9262 5060 9597 3999 4220 5715 4850 856 9900 340 4923 1773
28 6340 352 4169 4458 6910 6718 4703 2687 5911 1256 9087 997 2833 4633 6439 8707 3880 7826 9746 2002 8635 7360 8542 2572 2119 2481 7315 2611
33 6430 3832 5952 498 8885 4386 6123 9803 6244 3780 9854 1883 4281 54 5292 7150 7948 7385 6106 1789 478 8199 348 9137 3966 7391 4210 4993 6688 1765 5859 5050 8887
29 7851 4392 1983 1051 229 6500 6036 4134 4545 2415 9818 1166 5024 805 1137 1382 3073 2485 471 6967 657 867 317 10 5677 3661 5196 5591 7555
30 3448 8948 1139 9612 6444 9241 6658 7347 3037 1897 1020 2011 76 5854 6895 86 3576 7808 840 847 2023 1605 9722 6986 4681 344 2514 2041 6217 3570
25 6056 625 1035 1909 2578 3009 6464 1009 2983 8477 5192 9092 2842 3061 5477 7622 4070 6020 1065 9114 9450 651 4274 9866 6625
29 8172 6154 6959 3867 2860 1631 5901 3001 1998 380 9006 525 4533 5830 6406 3983 3400 6758 8186 4016 410 9210 9496 5558 7354 9582 3985 9645 7774
26 5371 7639 2000 2293 7180 2154 5177 943 1360 5291 9309 7973 5114 6350 2972 9480 5923 3017 5995 7197 983 3588 5110 7246 1399 1099
25 2870 4107 4797 7581 6516 7865 6979 2707 3989 2426 986 5122 7779 5567 1450 3732 8662 7945 5217 3996 9074 6506 7839 503 4275
26 9145 773 4765 2916 1465 791 8488 5369 5425 9919 2355 5848 57 4488 7888 9046 1743 7057 3862 3699 5408 2862 5548 2273 1315 4131
27 2223 90 9200 8841 4175 2258 4116 9437 3130 1419 3553 6352 673 5732 9400 5187 6628 9534 9626 3255 8825 4755 4426 9766 3909 1079 6806
30 2584 9960 3492 8415 4318 8237 5210 2301 5296 5183 5382 4732 7429 6174 3461 4902 4522 9596 6343 2726 4972 2361 7904 1529 3478 9878 581 5685 6955 5320
29 5254 7179 9104 9804 8074 5251 9963 6779 6676 5376 743 3508 2935 6763 3812 8329 4614 398 1058 8705 5979 7954 1232 1841 8567 2308 4793 9555 2149
28 4114 6497 9695 5881 9621 1604 2868 2142 2722 1011 9793 6368 3251 568 6451 5643 354 5708 9026 7657 9602 2978 1580 9698 769 1916 8470 3952
28 6975 1271 2557 1614 3164 930 9745 4003 3813 3277 4869 322 3893 5720 2077 4814 8116 1480 3666 7780 7920 3673 2824 2533 3311 6161 7654 3810
33 9141 8654 1192 3914 7416 837 6746 6427 9395 6473 5133 8862 9728 8659 8035 125 585 9197 6521 4570 842 5463 9512 3230 6848 6661 485 4646 7090 467 3030 3857 9958
28 6096 8961 8386 3324 9559 7845 8178 3604 5074 7268 2928 8611 6701 8341 9292 645 9624 1286 9532 5607 1481 8690 262 2448 8070 8589 9556 5255
29 3660 9740 698 528 3350 3671 9223 0 8517 1064 7419 7950 6310 1147 4617 7099 3677 4700 2568 4752 8303 4142 5902 8451 4038 1576 5471 6524 9841
25 4891 8502 3782 7042 7116 73 1238 9725 3500 790 5963 2389 863 5842 9830 1578 6140 6894 4859 9539 7601 6709 41 1323 5204
35 7320 4474 7929 3373 158 4093 2591 4387 2470 4559 9067 5480 1214 1176 9694 9609 4146 3376 2319 8608 3485 7874 1696 1155 9036 7754 9065 2398 3196 8731 5374 8619 9410 1185 2451
28 2600 4390 2813 1520 2767 4628 1203 1784 7356 7202 6872 1754 3879 9923 2324 8370 5422 3737 8457 9062 5190 1112 9034 3547 3355 3072 845 4171
27 295 9336 5476 8204 3755 5619 7675 5975 3487 2590 7059 1962 8279 5519 2695 3359 8420 4451 1180 5762 1372 6317 2626 6921 3931 6947 496
31 9191 3265 6600 2755 5436 3644 3984 6535 6824 5397 9575 4515 2408 7509 2759 5786 6306 9717 8119 1741 3852 6571 1234 7113 8905 8576 6011 4291 1655 4540 4977
27 6781 7216 8027 5333 5724 4304 6267 7392 431 7876 6033 4914 6809 4813 1392 4072 2564 8041 6777 7255 4849 6501 8084 9759 5950 7631 2634
31 3636 4574 9743 429 9190 971 5850 3465 2303 2457 6531 7400 6813 6018 3629 6716 30 6166 4027 8023 7208 7241 1922 9859 2597 6 7281 1975 2881 4881 4188
30 4967 5049 6294 9286 4248 3881 4673 8463 8638 4272 2948 9007 6878 7146 9283 2216 2625 4987 7959 8064 8354 6852 1318 9978 9208 5747 8270 1738 6596 5885
29 3353 3581 846 9361 8733 2186 5574 3267 679 9183 5312 7703 8573 258 832 4551 6841 4843 7273 8016 1729 2486 5776 6022 6920 3457 2829 7178 2894
32 5482 7175 3260 9735 4817 3019 7915 5639 8036 8641 290 4140 2397 8145 2606 3981 4779 2125 1736 8333 2133 7447 9783 7403 2471 1501 5709 8685 566 4197 4353 6865
30 3187 9157 7402 1417 8751 9322 9027 3917 7441 6854 9289 1671 8214 4988 5766 2033 7298 9344 5662 7218 355 272 5264 3712 8770 7930 7861 5877 4014 6787
29 4611 8121 2874 6363 6504 1996 4953 6860 7409 2547 2643 9458 178 9666 6111 1616 3319 4035 4991 5929 1534 5932 5120 8555 9148 9045 9767 2431 2678
30 2849 1512 6151 7458 6445 6794 606 6359 2728 2179 550 4262 1708 3490 6378 3646 7556 5037 5242 1710 2272 8098 8091 1202 1447 714 2478 5729 8092 849
31 820 2766 6888 8120 1608 9625 8257 5303 2409 8876 5297 9871 7949 2082 3889 2225 6968 985 4842 3690 9230 7198 3087 2655 5445 6141 2703 2999 9968 2804 7162
28 9581 1846 5564 6168 9967 7607 9622 4205 2562 400 7243 310 6187 6757 4477 3616 9214 9647 4357 7956 921 7897 8343 7738 6988 7837 7903 98
29 8598 377 8903 5815 3702 9721 4069 3556 9044 230 8245 3454 609 580 7307 14 6396 1033 8495 244 2515 8181 8428 7252 5686 3157 3958 341 722
28 719 1788 5492 3781 4034 3283 8756 6395 8687 4542 4921 8144 3241 1091 8925 3944 2837 1886 4010 8230 6401 4563 9364 7583 7125 4437 8240 4539
26 7138 5703 8468 9584 8052 3992 3716 4887 1344 9994 4432 3228 5018 2017 2428 3180 7626 5841 5778 748 3309 9514 121 6028 9388 1508
27 9392 6557 1247 26 5751 9669 504 8609 2410 5704 5238 2120 799 8560 3343 7994 8198 6314 3365 6196 3990 6771 6335 1812 940 2349 7492
31 3016 1938 9366 2933 7650 3332 9599 9892 1836 8238 1431 7267 6612 8650 9390 6438 7889 5628 5038 4763 5697 4939 4558 8014 826 1337 2269 9894 368 8062 9941
29 6507 1143 1956 7636 8872 3412 590 2738 7916 619 7906 5694 5118 9672 1664 3961 4740 8587 8444 7547 7302 9379 1974 1237 3717 3601 2902 126 5823
29 5588 7704 4481 6474 3405 1198 6205 383 4931 3212 4898 7802 5347 8435 7739 6846 2753 6334 7189 2754 9693 2366 8456 9620 8810 9586 8978 2936 582
26 5832 3235 3534 8906 6767 4730 7065 7468 9093 4032 4402 6996 8990 6376 3805 2173 9144 7507 7434 9603 2638 7332 5559 7926 1503 6173
32 8141 3384 4060 5917 5534 9754 5797 3335 4004 1971 881 7432 8665 8446 3974 3801 9122 2111 5810 7079 1101 6107 8229 4409 2072 8823 6660 6358 6397 5774 4339 5987
32 9106 280 3665 915 6871 3518 1241 3318 6389 1174 8700 5189 6914 9821 331 7620 4829 4776 9630 2245 3718 3751 959 267 2117 8632 88 1626 882 6633 2155 7456
29 3249 5771 34 6620 3177 5783 1592 1525 1039 3546 4720 3488 4749 2845 2741 999 414 9465 6734 1757 3935 7266 1628 1479 7991 9828 2911 6435 1298
32 681 6982 5756 49 3524 2966 6822 792 9456 6744 5159 2511 5592 1747 6182 32 1451 169 5590 6877 5357 1684 3967 6067 3725 9503 8779 8146 6012 451 5991 6588
28 2038 6227 3991 5129 7109 462 4639 2908 3100 5821 135 1557 1459 1352 8871 1567 2945 1732 3773 864 4709 5143 8965 3493 396 953 7655 5517
28 6570 4662 6093 9632 2253 5868 4858 7054 3802 7097 4383 7340 1972 1145 270 494 3085 5980 5641 7444 6517 6289 2393 616 9687 9971 7322 7341
26 327 8698 8657 2263 9273 1239 7381 1750 2853 7163 8511 6183 2878 1188 669 4438 1265 2665 176 3413 7301 2065 1958 4820 2444 1637
33 9351 3171 2472 5940 5102 5706 8564 4809 177 1132 6329 5904 9110 84 5768 8538 9185 7058 9196 274 5505 1781 6045 761 6549 3093 767 293 312 7094 5285 3106 9404
25 701 6543 9166 2777 1745 9907 9229 8389 5935 313 2474 5080 838 6448 9264 2975 9518 4508 5710 5589 442 6929 4237 4585 4789
27 1826 7006 665 5109 5460 2137 6519 8572 3192 3678 5749 5064 140 1321 5427 8489 8780 1887 2702 1332 346 9306 5981 7618 2737 3868 2518
29 3592 2785 7309 6970 1964 2144 7286 5157 8423 3340 3925 2040 8691 5265 5947 1068 6565 4800 5385 3539 9711 5684 6926 2545 455 1798 8880 624 1627
25 7674 7855 1779 9120 1969 393 1368 3427 2788 4726 3035 5818 5417 2632 8223 4538 5631 9088 8809 8922 8940 2537 4913 2925 63
27 5835 3076 5245 3746 3536 4530 964 1098 7727 1908 9249 239 9010 3003 9177 3102 2174 3052 6645 142 9374 7505 7518 9113 6496 6061 7049
27 4115 8434 7358 5115 6756 9590 8111 9986 252 5028 6287 2076 9222 9002 982 8534 9706 5605 4233 4013 372 105 3760 2400 1184 946 2217
30 586 2517 9942 271 3462 6563 4018 147 3103 4454 4264 4431 9809 9365 5027 1866 6977 3325 3162 8113 7 3613 7714 634 1474 2088 3474 966 5273 3116
28 3440 1187 9213 4773 2940 2353 555 2450 4247 6233 2924 2188 3121 8352 2817 9252 9560 8757 4086 1850 2073 1699 7486 6431 5261 9347 1653 3595
25 1408 1339 5377 1124 2339 2057 6866 9425 8974 569 2066 6484 917 3886 7834 6249 1296 4029 8739 4366 4666 2942 4552 1551 6632
29 7782 7794 5984 1407 6113 6868 3667 9585 3513 3905 6567 7473 9482 5913 7242 8109 5540 1173 8702 2333 2460 2871 3538 3022 6631 4411 617 5365 2084
27 4182 9820 5914 2526 7147 6580 6859 800 7045 5384 5350 2913 9300 5135 9421 3740 8827 3142 4528 8157 8127 2896 894 8018 205 4963 85
23 7277 7222 3316 60 9937 5079 9954 6697 9964 4430 6684 1135 2300 1088 595 9611 9521 8748 3483 8045 1181 6823 2504
28 8044 2793 7529 6635 7579 7769 3836 5351 690 8553 5343 413 5584 1867 1935 4215 751 9588 5627 1523 8525 8405 5243 6593 8174 1428 824 5193
29 3155 7545 4807 7648 8193 2569 9565 4745 2542 6666 4782 5611 861 8787 1383 8226 1581 6678 4853 3395 1528 5449 7461 6887 3208 9613 4518 2814 7260
28 306 8590 6046 5298 8526 9619 1549 6385 1526 9247 4667 3759 2534 4761 1416 1606 4406 1720 4604 8930 1438 7140 7977 859 8981 1369 3472 8385
29 8078 6062 554 3501 4327 9139 8421 1282 9315 901 7745 2867 6999 8956 8509 210 6075 3869 3885 490 1252 6568 8071 2503 692 5276 1638 1864 531
28 8858 1942 3772 144 2614 5423 1677 1222 6874 4194 2071 546 6849 2416 7025 9935 8168 2658 7999 9929 7070 2880 4772 7687 4105 1464 3970 6663
29 8544 9243 2524 9806 7992 813 7751 8235 4799 4483 2183 3058 5106 5497 4090 7493 4112 7221 5464 7479 7226 579 8888 7523 4138 6360 287 2561 8670
29 3873 9791 4870 7351 6351 1283 513 8506 9870 1242 9760 2825 3136 6749 8355 4756 4106 3594 9530 5866 2438 1129 9181 1930 2709 2501 7789 8412 1596
25 9601 2607 5846 7384 4529 238 1440 36 5700 4833 6552 9081 3896 4549 8319 4202 2127 5321 7137 8962 3687 4811 7843 3540 5674
30 3216 6729 2599 6237 7668 3949 2744 2679 1120 7709 3670 2877 9287 9959 920 2034 8196 7262 9944 7211 3200 2392 6769 8533 9705 2008 4345 6647 124 3399
30 3491 2297 9591 9492 5553 676 5542 9909 8532 1609 8147 2647 6581 1870 3700 2006 3499 8414 5389 6087 6346 6070 2074 8510 9069 77 2567 2189 6810 6441
25 1579 1539 188 3953 4697 2838 2499 1810 7670 3863 3020 8371 1482 5214 3535 8291 6949 3738 5145 7600 6713 8987 8891 8216 1793
30 4523 8085 8207 4067 8693 4495 7239 2674 4017 7651 3986 5289 4583 7557 5378 2341 1611 3433 742 7627 1251 6158 9508 5091 3015 9710 4841 9383 7422 9770
29 4119 4759 9951 4436 5658 7144 7572 174 4575 8483 3637 7000 778 6085 9118 6433 633 180 4861 9199 1157 3270 5814 2669 9004 2104 6415 3279 1993
29 2586 7574 4259 1860 9095 5360 8679 190 5090 9363 7672 6098 7623 2237 2219 2110 7027 6285 2035 5328 6636 7128 7551 5813 575 5712 870 277 5065
27 9180 9446 6610 1205 6961 5456 795 8050 8920 4145 9548 1436 4986 8140 4727 8310 3754 5799 4405 8048 9638 4463 2796 6916 3816 1559 2623
28 3831 4494 4701 7394 3396 5148 2058 184 7405 4736 4204 8815 4825 7740 3786 802 9323 3253 5977 1510 3561 7933 7998 7711 4702 7741 3305 7533
31 3766 9589 9685 7026 931 1236 6994 8263 9851 1317 203 868 3515 4658 1097 8814 6208 4845 2727 226 2246 3445 433 3750 9948 7595 2093 6303 2075 8631 7326
28 1813 5467 9470 6092 7528 2775 6616 8828 9314 6015 7037 6954 1650 6253 7258 2970 7564 2484 6195 4770 2831 2875 8308 6818 4412 3645 5007 9969
33 3709 9447 2069 3064 1178 9549 8381 7489 1882 4174 2068 8616 858 1761 1494 533 7615 6807 324 1366 9396 5494 7145 4324 5765 7048 9277 547 6883 2594 6732 7908 6148
32 1999 9360 3681 2012 6284 132 5170 5253 5235 6268 5509 9029 8855 1701 2165 1719 6134 6726 1858 4118 4023 279 6529 707 4102 3358 25 7730 6637 7966 8683 2423
31 3922 5241 6640 540 1600 7086 7110 8022 2477 1980 4130 2826 2014 3942 4855 5695 407 7932 1702 4846 1026 988 1586 2732 6248 181 8582 8585 6149 3071 2388
27 577 6687 8717 309 8711 4969 3745 7931 6069 8318 5998 6780 3199 3441 9707 8713 9734 8217 2026 7963 4781 9479 2729 7411 1939 9452 2134
29 8786 6578 4917 4084 1042 2748 9350 3341 8988 1349 2651 822 5905 1621 4277 5577 3043 5415 5139 6803 1200 2210 1086 1834 9001 5609 2985 8479 1177
28 6042 2414 9826 8919 3268 5086 7679 8727 5772 9436 7815 7811 2020 8094 8886 6696 5746 6617 6387 3089 3749 9472 459 1995 8247 3173 9918 5666
29 7653 5944 8143 7230 3347 8176 4394 9107 5176 9270 1693 4460 2062 911 710 7692 1536 6940 8269 976 8312 3691 1183 2285 4927 7617 4872 1891 3334
29 8424 2086 5213 4279 3811 3845 8293 1160 7927 8627 5843 4544 4266 907 1467 213 938 7912 7975 424 776 1078 9789 441 2976 6901 5256 3404 3422
30 3875 3756 1896 7695 7219 4966 627 4053 4307 3904 3018 5429 7284 3407 8558 4294 4748 7893 5737 3013 248 1201 3793 6342 3841 7154 7463 8959 9330 2630
30 526 1030 8134 4717 7161 8063 4123 8746 9936 9495 7629 3313 199 3174 8722 9411 5268 3567 6725 4670 9319 7274 2162 8433 4664 6136 172 7997 3555 7690
26 1808 9868 1037 3259 4082 1689 1735 6277 1622 6773 8826 3269 3477 611 7836 2910 4359 2742 5339 7465 9661 3369 2819 2329 8132 5473
31 9413 1312 7694 3598 6102 2013 3703 4975 1944 2961 3069 5366 8499 3315 8337 8185 2546 8373 3928 8259 347 9775 7827 4319 7074 9124 509 4580 2959 8374 6598
24 5014 4989 2649 5472 1560 8266 541 9186 204 1680 2116 1261 1504 8242 56 9551 3337 5722 7594 5085 4008 5231 7801 3080
30 42 8166 2140 6073 5318 9961 4395 9324 6740 5879 8391 1548 5770 1490 643 4365 4623 650 483 1284 269 4209 3498 2778 6577 5650 6029 9100 7718 6091
27 1717 7186 3503 9797 4535 1390 7910 7592 4158 7761 6574 8437 3686 1774 6692 7124 2206 7155 2792 2402 1940 5623 4000 4505 8846 2291 3021
26 9168 4066 5908 5237 8833 2106 2310 739 3078 4689 394 5664 9763 6742 2821 5614 4860 6604 5807 4427 2566 4155 5582 47 9573 224
30 8220 4922 3656 3005 6000 1093 4566 219 1852 3603 8734 6646 3063 3437 9810 4232 9169 538 5123 2022 5283 2621 9610 6799 8363 6203 7900 3957 7747 6090
32 9049 6330 286 726 8431 2003 952 2701 2609 9235 1127 9883 7484 8562 116 6192 6945 2508 2740 5755 9981 326 8496 7685 3307 5381 2405 4688 3041 7214 5621 3006
29 3387 4303 5555 9592 4249 4393 2745 6971 5068 9173 545 5441 6176 7702 4424 5394 6124 2131 992 4863 7497 2764 9691 8647 3450 1404 3074 7348 7527
30 7418 2864 7439 896 7295 678 970 4950 8349 3912 1083 7610 353 6585 600 1963 2949 101 4836 7064 4330 2641 7017 11 7228 8527 6654 103 9161 1289
28 9159 8394 6595 667 2135 5693 4282 3203 4185 3320 5309 4410 6006 8283 4125 613 5554 6469 9000 4245 5922 7287 6943 453 1288 8640 5836 6164
31 4078 1573 3911 2570 5258 5144 6985 185 3420 4325 1519 3402 5550 9187 4180 8601 8942 2130 2113 9017 6685 8452 2196 2934 5140 5575 4584 6169 3840 7841 5561
29 175 4980 5938 6003 3264 6790 9777 6007 2794 2161 597 7925 8296 8721 4985 8255 7831 5095 6924 3891 3550 1343 3874 8853 9335 2866 127 5928 9192
26 6423 3720 2954 3903 434 7430 5167 2574 3724 6606 8191 6948 680 361 5252 8921 1379 6004 9298 5452 8706 2046 7544 3092 5042 9204
30 8995 8546 8927 276 4 653 8046 5353 435 3195 7693 3166 4856 7032 1960 4218 965 6594 2364 7365 6689 9896 5572 4154 9550 7440 9285 1022 3202 362
30 207 1359 350 6407 3764 1760 1487 7028 4348 5100 9375 4047 2124 6386 6601 4199 7044 4129 5174 7585 6900 7716 5743 5872 8811 4615 8830 4643 4871 3708
24 4935 2442 8625 9268 6262 8281 8673 9660 5597 8222 8666 4120 6380 6146 1231 5335 2455 2619 3688 9576 8068 9358 6546 4300
29 9014 6319 7448 8026 7798 8701 4722 2242 8518 7024 7955 4497 8106 3798 7300 1103 1457 7700 4244 5150 3714 8086 139 770 4468 889 5398 6269 5470
33 2851 8404 6879 8286 4099 1421 6348 738 9407 499 1603 472 2513 7928 8939 8038 4368 4167 8529 3068 3031 8161 1844 3624 1546 8520 3940 1634 4735 5845 9403 9799 5453
31 102 2803 9460 5136 7014 3322 9974 3346 250 1299 7993 5568 4178 4873 8536 4425 3585 9060 3458 2290 2723 9644 8059 8427 2302 4705 5812 7107 7008 5953 6202
30 78 8406 8850 3172 422 706 7375 8737 2266 4630 7664 1516 1228 3563 6388 7491 1783 6353 5651 4649 28 1687 2784 1538 3649 4380 6776 2957 9882 4184
30 4768 6425 3333 5128 6410 8108 8368 4089 8642 1849 9704 1489 2004 7919 2540 2888 2419 5331 2941 549 4854 4073 3002 8777 8637 6305 1607 4526 4712 8009
28 7584 816 6778 4957 2352 7087 5925 9078 1310 7812 7875 4945 7443 5782 1171 8129 4496 9070 5103 7634 2222 7204 8556 8955 730 9071 6142 4659
27 9888 275 8366 4091 4824 4716 1229 5587 565 1493 916 2973 9299 4883 5573 7628 9946 5563 5364 9176 808 8515 5795 1010 5717 3554 4329
24 9435 862 3643 3855 3707 7149 4472 4724 734 6893 1003 8334 512 4815 5816 3475 2347 5319 876 2883 7770 3583 9444 4875
29 2209 7606 3640 4710 784 1095 7513 6553 6331 8123 5659 6263 9917 2946 924 9448 6540 112 4453 7083 3564 8342 6579 4150 2885 6573 4674 4965 8909
28 1574 8447 5511 6748 5244 9165 385 3243 6630 1233 5501 642 8821 2589 3132 1052 7378 618 3419 1246 1803 6831 2317 2905 6907 2749 8941 9154
31 4189 328 5740 4046 2555 5416 8462 2331 1620 2646 2522 6862 9372 2577 2657 895 1496 2798 3884 7357 591 4982 6081 8010 3542 5158 2248 8110 5736 9847 3767
28 8946 2496 9202 4006 7985 8714 7408 771 1767 8588 2799 7706 6454 9370 4161 8796 6998 7750 7476 4399 8524 3032 9318 3438 9112 7156 4502 8314
28 934 1568 9417 6754 6677 6622 4231 1932 5053 1082 2030 6651 6510 1721 9902 4414 6768 8396 5986 5754 6089 1311 2427 5173 7856 1991 2267 6413
27 7426 1752 5721 1148 4480 6815 2920 2322 1759 9203 4040 4064 4379 2811 5379 7212 9103 3276 4499 5164 4041 114 5599 3998 8081 8928 7471
24 9189 6597 89 2963 7867 4391 4514 745 7561 5434 6708 4443 2044 1829 3401 733 2047 3621 8473 9715 7490 6356 390 7568
29 1141 4049 314 5942 8130 3266 6554 5022 3858 6230 1423 4019 8892 6941 729 6670 2979 8843 17 4719 9516 4333 3689 3910 5402 5937 4590 5257 8696
29 6229 3533 5653 3385 1499 2930 1243 3429 4031 7767 8769 7308 628 7167 6629 635 2432 6050 7023 2490 4285 7686 4342 1811 6251 4517 8416 4897 7134
26 3153 4808 6032 1681 9147 3783 6128 5739 6675 4241 7423 9739 2056 559 8051 4240 9587 3776 6555 7530 1989 9342 9805 6673 1313 447
25 4466 3775 5794 4311 6313 7361 6978 358 3742 9012 7560 5330 5373 3574 9405 5498 3007 4253 160 2612 7289 9134 4600 4940 4978
34 4052 4568 4937 7707 5999 294 343 4313 8790 760 2064 6472 5119 1104 3191 3631 1034 7588 234 3639 4865 7333 5421 1362 2476 7905 9557 5725 2706 2306 2670 7066 2007 647
25 1048 5613 1751 6234 2323 5052 2194 110 2891 4382 8864 7725 1221 5741 4812 9701 6896 6095 4173 2294 4042 12 1550 6639 2406
32 2805 5030 7235 2855 9304 8234 2053 319 5556 4758 4588 9308 2909 5951 2412 529 9434 2171 8762 8031 4656 3231 9920 4711 8729 1443 5764 7413 852 5481 6480 411
27 3423 8653 5134 2239 9831 6341 3281 794 9442 9835 7466 4582 4147 9455 7924 2411 6336 2997 2696 2773 8202 7717 2718 1385 6371 4097 5208
27 6950 8364 5865 273 3050 6255 4278 9943 530 9178 5547 4168 3127 4417 8475 254 7803 2663 8156 8692 3736 3509 9631 754 8749 6755 9109
30 5919 3968 7031 1818 7151 2024 2642 1151 2489 8154 1871 9126 8369 5828 4546 8630 8926 2315 505 5131 8817 8704 9086 5234 2063 5275 4592 561 2386 1363
31 1572 3704 5197 4751 961 4186 408 8569 1194 2132 5781 798 1144 1744 557 7265 3344 8498 8461 4572 7825 3497 9369 316 4222 9542 3168 3101 3633 8114 7887
30 6392 7642 4794 7331 4933 5499 6112 2541 9491 2832 4641 8655 6138 359 3449 922 3096 4434 4310 9709 875 5271 3338 6101 5225 5538 7746 3057 2532 9914
26 4960 9594 9538 8565 3126 1462 1138 6099 2797 1725 7135 4153 1292 4930 4448 6453 3820 325 3945 4429 6144 351 6761 2268 2556 1868
28 8097 7229 5939 7475 3694 7279 5949 740 6393 5496 3743 8861 1056 5093 9453 1456 5493 7410 9730 9846 9171 5004 2160 2991 7508 4346 2143 8879
31 9371 1712 5349 2343 5224 2918 8442 9380 437 3086 5601 2255 8231 782 1170 3753 4955 5056 6315 370 1970 3789 8508 6840 7857 8747 1957 9788 7223 4767 9895
29 1769 6956 811 9930 7543 1795 4788 2238 5315 4110 6856 584 954 5800 5718 3470 52 2270 5636 8656 9234 3115 6723 828 2964 2422 1263 8768 2681
26 152 436 5583 1410 780 2279 8012 9753 5510 8603 3608 5169 7007 9008 7795 2660 7762 7640 5893 6923 9377 7517 9080 3226 2456 5392
28 660 4949 7115 1772 7383 5883 2782 5457 4370 1545 3379 4374 3721 7663 2010 3978 6714 247 1400 165 4626 8136 1328 3219 2721 5633 2544 2668
31 6808 9246 5532 5669 9966 1152 3411 6125 7412 3299 1839 4229 5322 5175 7935 3314 9311 6399 2151 7514 9487 1624 364 7445 1997 8802 4984 1486 6762 7194 7820
28 4071 7539 7982 6925 2747 3186 4350 5390 5012 8894 7873 3095 1314 337 6545 2692 2447 1623 307 179 9102 206 7498 6534 6704 3421 9544 4747
28 6424 9814 9038 2418 7253 1890 7723 899 6643 6215 7450 1002 4823 6728 339 1358 1636 1047 263 4541 3263 1755 4024 1506 6858 517 2067 8964
28 5057 1831 8492 487 2145 304 7203 308 2613 5071 7305 9654 2998 7290 2882 5541 2029 8947 4928 7814 3053 5316 5702 8803 1446 2807 3529 8311
26 1587 5673 3856 8586 1267 2992 4550 1602 2595 8889 2184 8384 4723 7053 5447 1632 923 6589 2605 8557 2553 2751 2498 4695 9296 2791
34 5046 3929 182 417 130 2141 1562 6299 3854 3830 7316 1676 2735 7188 7404 8278 6457 4213 5485 9426 5246 4372 6064 9125 725 8852 8648 6086 1947 4026 9094 4235 7907 4576
29 8849 5160 159 9441 2005 1822 2394 3090 6162 2689 9842 4021 3849 2500 7844 8908 3799 7292 2227 3822 6381 6662 1500 3135 4746 6068 5317 5897 1445
31 9111 7781 1365 3679 968 5585 9719 3033 7891 9808 6344 392 560 686 4179 1642 4918 2671 3599 4470 6839 3900 5656 7665 349 814 1227 3979 7474 1212 2103
28 13 6257 4660 9019 9772 5744 7944 6274 6584 8493 8877 1460 3622 7809 4851 2869 8867 7829 3824 5655 1087 9028 4075 1686 6932 4516 8351 1154
31 6197 9688 3899 7864 7575 1923 1412 5446 9939 1307 972 6648 2495 6829 1498 7363 9011 8155 1338 8331 463 7160 668 9146 3023 374 4320 7166 1615 7806 6835
30 4764 1468 6623 8053 6681 208 8320 3272 9059 9149 3229 9815 3548 8591 4098 7199 214 6223 7438 705 8459 7170 9132 2588 1978 6327 5734 3024 7978 9741
31 7937 2713 446 2769 357 4192 4553 5228 311 1081 3791 6590 741 5200 7792 157 6837 4525 3193 7848 2662 1334 9840 9623 2328 7477 5907 3664 5915 2956 7649
29 9714 5645 2351 6416 1325 4834 1293 9864 6562 2525 4527 2802 7334 9906 3303 2615 3920 2326 7206 6494 7168 2277 9331 4907 4531 731 2716 8360 4916
25 4974 330 8282 5005 62 1804 4734 194 7291 9857 8552 9158 1905 9716 6607 1848 5340 5616 151 3070 2250 717 7804 2016 4087
29 3590 4543 4088 9251 2051 9761 5229 7691 9648 5862 7580 9526 8976 6951 4602 2283 6621 2379 1565 97 118 8521 5011 2284 948 7152 7261 2371 8307
25 602 7487 6463 9039 2085 35 93 7768 5105 5403 5533 3584 7612 5104 6644 3109 7563 3077 1902 6899 2505 9422 4714 3444 2288
35 9321 7760 7337 8523 8952 2399 1863 5860 8924 6902 7111 3176 8131 9910 5811 2790 2944 5006 4109 5239 5419 6120 3973 5338 4234 8163 4912 699 4061 4196 8953 6881 8187 1350 8194
27 4141 2090 1186 7969 6177 3275 5857 8873 927 6328 2538 3797 1742 8512 8066 5716 1054 7758 4509 1640 4879 401 1514 9950 9025 1801 2528
27 7576 4122 1756 2873 1004 4692 4025 974 648 4212 1044 8137 1070 7172 2653 2181 646 9758 6987 9402 9486 857 3527 3988 2467 3634 5107
29 570 5147 1893 3579 291 1985 9874 5125 8645 576 1668 3892 3290 4511 9217 8362 5827 4648 4143 4441 4725 6019 2421 8818 2926 7106 9927 2850 3436
30 962 1833 1425 8170 5675 7976 8992 7349 106 5887 5301 3774 4489 7345 5290 3065 5752 9598 9659 8804 8138 1992 9574 2575 7139 7342 4532 8487 8402 6405
26 7883 9747 1862 8829 7625 7974 8865 8454 3489 4341 1986 8335 8426 1517 6539 381 7510 19 5630 7940 708 1869 5337 415 2904 5418
28 4065 3833 810 6402 4784 4636 81 5742 9231 7190 7195 2897 345 5833 2982 9297 8171 6736 9105 6886 9449 8772 3351 1316 9030 7764 1946 5707
28 5465 5130 450 1675 5713 5126 3573 7240 4413 4396 8122 384 3453 3926 2893 7196 9471 4475 1043 6132 6805 9167 5665 3936 6052 6821 5021 2661
26 7633 3209 1805 2228 3907 397 3151 1777 8728 3298 9833 2576 48 5270 4113 5205 9779 5288 1384 9013 8169 3510 4228 5430 7938 7775
28 7662 2830 5837 3496 256 3149 7603 9915 3091 3558 9848 6160 594 1329 8824 567 133 7953 7018 3662 4780 6193 6880 7895 3559 4020 9723 4254
27 8099 9440 3258 747 1809 2358 6816 6369 8076 7483 6296 4062 8153 2887 865 3464 8135 6905 9875 7646 1008 4675 520 6911 6324 9991 9015
32 9488 3198 7946 2482 3612 6922 610 5875 22 4289 4334 1000 2699 3795 7005 4317 1535 7500 2929 2045 3566 1476 7254 3861 186 1685 1728 9934 587 5054 9838 9982
27 4753 6791 7984 3383 8624 7790 7117 8723 7304 1647 6434 7312 1094 8610 9409 3602 3056 8304 246 5414 9649 3257 4326 5391 378 8037 1665
31 7914 4469 9662 1330 7699 1715 8937 5596 8528 9317 7503 4882 115 5015 7859 5565 6850 884 6110 5920 8301 3980 5785 898 8088 2812 652 4561 9438 3829 969
25 8346 6001 5185 1053 1276 6411 8577 3887 8617 872 6882 3011 9381 7200 302 6938 3372 9386 1208 8951 3577 6053 2311 8918 4771
29 7148 596 3575 9382 8820 4867 4486 9439 6547 9531 5508 3286 2178 2080 406 6544 1726 418 1763 6058 9614 2688 8173 5305 2962 7280 9320 8792 2879
32 3363 2163 1691 5997 8273 9258 9242 5435 4048 7660 2843 2243 521 5405 5332 3828 5775 1977 6400 6695 2598 3600 3739 7501 9198 3426 4721 1449 7050 3328 7362 7414
27 4322 9445 1060 928 6150 8549 4252 8798 8793 7374 5420 1919 3730 6375 4839 1469 7129 1625 8869 3178 3591 4449 732 7604 4954 4866 6627
26 7427 2146 2198 9506 6374 6421 2673 674 5822 1074 9593 3416 2560 6743 4838 5957 9641 1084 7749 6391 3154 8535 9476 439 2099 8799
27 4804 8579 6214 7173 5895 2126 9856 8264 4831 2009 7071 5701 1698 7712 1885 9595 3939 7813 9085 9269 8738 2434 892 480 3468 1268 5211
30 5777 7395 1976 8613 7980 6221 3770 5142 7472 9090 7939 4835 7001 9024 7126 2387 4051 4645 3244 1075 6071 8079 5019 3447 5017 2844 3083 3956 825 2980
30 746 8545 3878 6765 7323 5680 3733 9391 9121 2531 5223 243 5490 7091 6976 6063 3220 4332 9823 8034 524 4899 6109 8326 9301 9022 1682 6503 4683 4605
29 4852 7132 4805 2890 9236 1220 6211 4828 9457 8993 6800 1723 3134 3317 8254 2193 1272 830 2307 9726 4513 9271 6825 6917 6751 8164 8501 119 6055
28 654 766 9891 3122 2637 80 7755 4997 2028 6586 9664 5063 1452 2369 3211 2224 8720 3261 7373 3969 1432 8411 7799 4510 2264 9642 6960 8636
25 138 3628 7979 2965 7485 2644 4251 8000 3532 1837 3194 6456 1128 2903 1552 5076 3890 1216 3217 2356 9849 6832 5215 9188 7540
30 1965 5388 5903 7922 5696 8765 9394 6419 841 7455 1226 7387 3955 9278 5450 1453 514 7353 744 4187 8674 1090 7819 137 3977 3163 2667 9535 7817 9643
31 9543 4830 8740 9227 9219 1448 6379 2762 4452 4938 465 7131 2370 7549 6414 95 492 3895 9553 3408 2344 829 4668 3658 298 3084 7616 1881 2487 1533 8392
29 1577 8432 8481 3919 4200 4181 9504 3625 4640 2061 9634 9529 9051 8842 7035 3963 3418 588 6528 7797 5576 4651 8243 7791 4619 3668 1345 5227 6207
30 8057 8372 4671 5069 3302 9079 7519 215 5478 975 4193 5059 1630 8248 2404 5606 5956 2425 5212 5853 9656 8676 9652 5624 5660 7521 9869 4512 7947 7417
26 9988 405 6857 9224 1260 5867 2536 5084 7407 7824 4892 6665 8915 9712 8860 1117 912 7314 5087 7193 8531 1297 4450 516 282 5269
31 2265 3937 4507 3306 432 1659 5671 1917 5769 7330 9500 4687 7941 5691 1853 5652 8139 6326 4868 7127 3428 8361 8923 9657 3838 3842 9041 3652 7593 2157 3227
28 1386 6785 336 6889 3150 8471 2359 9184 9133 111 9976 4941 334 7247 6345 9877 1403 2128 6505 4663 4971 4296 2360 44 1115 8060 6235 9932
29 1109 94 2365 5156 4151 8584 5916 9393 7661 9771 4818 2548 5834 5219 539 7069 6104 7141 3245 9341 8998 8287 661 3938 2385 3758 6390 7272 4361
31 2378 4634 5934 5483 4126 7719 8911 685 1679 8013 1709 8604 3094 5761 6398 984 981 7737 9174 8233 508 9897 9541 1072 2089 5180 6499 486 4682 3522 7854
34 3123 1768 3618 2252 4910 4718 2710 3541 9172 8469 8760 5036 5327 564 3368 3446 6502 9570 6384 6724 3371 9801 6984 9843 9305 6355 6209 3752 8554 7858 6495 7470 2901 3531
31 2672 929 9075 2858 5855 5051 5525 6731 9955 5010 3234 3835 7328 1618 3415 9 5758 386 7040 5750 4211 1987 2190 735 8112 2203 9244 7852 3872 4063 6065
34 5500 6488 2604 9956 4715 8936 4739 5166 1542 484 7869 3648 360 6672 5083 7370 7157 6026 3137 5594 4893 7217 6487 631 8735 1827 4403 695 5946 7923 24 7174 6680 5644
25 2417 68 5116 6876 8913 9182 8005 4363 8067 6449 5428 3034 5409 8288 5003 9509 2362 1945 1782 6560 6076 8782 2123 6974 3818
26 8709 7511 8592 5537 1197 1217 3741 1485 1032 1182 8448 5974 6471 2287 5295 4654 7350 7051 2958 8467 7658 7376 7647 3120 6157 9212
28 5062 5326 1040 1816 7516 9702 873 6304 7338 4385 8042 1259 7522 933 5198 1914 6706 1050 2070 4911 8822 4203 7182 783 9082 2779 8682 6542
27 1641 9117 227 4803 1049 721 703 7872 3158 5045 4844 636 4601 1661 713 5731 1225 3046 6394 9578 1274 2374 2483 5359 3779 556 7885
32 8551 6683 5345 2396 8966 9494 5424 4315 5168 9254 5603 644 2262 4132 7860 5075 4148 6930 5958 444 8107 6307 3761 2240 8449 8985 3729 3237 8559 3289 7371 5029
29 4077 6897 1437 3560 1429 8726 8620 2917 3215 8040 8258 8159 1085 5306 2739 1598 4534 4618 7571 6913 622 2079 4255 9667 6153 1270 6561 819 9138
27 7324 4166 2512 9408 4408 4302 5138 1302 6300 3865 3545 2153 1952 1771 3026 1832 6302 8425 6775 9432 5203 1110 3224 7119 8117 5491 5513
28 4398 3240 9692 7496 477 3696 1257 1612 6522 6793 9339 4163 1899 3147 8775 1401 6048 9469 7570 9237 8600 3523 217 5873 6619 1393 3663 6038
27 666 1130 4994 3044 1398 6657 402 3480 5146 3388 6690 8253 4952 2390 4011 7102 6432 803 2700 3466 5871 4537 5232 6490 5489 7165 6216
29 3511 6265 1140 3951 8439 4104 3079 5274 87 4095 2760 4290 2382 4343 5943 5539 9671 7133 1006 658 2081 1107 2443 7480 5342 8935 7002 9650 7688
24 3815 1191 544 1175 2746 7605 2289 3565 9089 8801 3456 1029 6365 9893 4299 6788 562 7451 3994 8672 3197 1027 5988 694
31 6603 8543 2305 3620 7436 8754 6057 3777 6795 8325 2097 3146 2720 5162 6272 7344 5067 3409 9040 3113 536 3569 6034 728 7562 7619 149 2731 2828 4058 511
26 2182 2152 288 3391 3537 9356 9762 8289 4774 9179 7346 2372 2581 9021 1780 8367 3248 967 9265 6455 6489 5016 9863 3345 936 7534
34 4760 8184 687 3987 7744 2815 4156 4314 91 8377 848 3398 4223 1172 9250 8761 6147 6786 9066 2492 7961 8795 7971 5544 9744 9972 2109 7453 3859 5711 1943 2907 6587 2994
26 445 2765 7918 7724 979 8791 5302 2960 391 8047 8455 855 6873 7558 4492 4191 3615 3342 7736 4484 4265 2214 638 937 8443 5723
32 7828 4447 7421 4217 6283 9708 216 6752 5406 4500 2509 7645 403 3923 9091 7184 9507 8401 4704 6526 5267 4491 6700 458 2377 823 2095 253 3308 9580 5562 3107
30 3236 4349 8870 6475 7084 4655 6766 8970 5433 2313 7142 4929 833 4136 3310 9736 7763 6403 1336 2271 6127 1230 1775 5753 5184 3141 3943 1705 6737 6088
27 9282 553 8083 4976 8006 8478 4880 6847 715 3434 2465 9160 4943 3301 7236 2899 608 4007 8382 3469 3066 4407 9064 7729 7697 2587 9478
26 9925 3551 8356 4607 7715 7840 9240 8486 5314 8347 3356 189 6772 5356 8276 4043 4404 1748 1394 6165 6108 8838 818 9423 1697 9558
28 4473 3860 1924 6117 5181 9097 2468 3297 3520 9338 6412 2100 1389 3685 5994 3723 6653 5001 3088 3638 2580 8212 4744 8485 9953 2170 6513 6422
29 5798 5801 534 8080 3099 2395 1994 4597 6446 980 3683 8593 1158 8294 1320 6993 1879 3271 2951 2309 6827 9807 3296 1814 9205 8203 8218 7850 1766
26 9215 3181 8297 2195 684 473 926 3785 3330 9677 3284 8807 4258 7248 2839 1823 7067 155 4620 2336 1108 8606 5386 65 5789 8753
28 6669 3361 5886 8547 3954 5066 9302 3326 6559 4055 2931 6191 1524 781 8883 7431 6362 2889 2806 4653 6525 1982 3578 2383 3946 9398 1678 6279
25 2993 6152 598 3610 1521 209 8004 532 7525 1371 6811 4925 153 8759 5040 2229 100 5179 4816 1018 9813 8244 4698 578 3913
30 7995 3701 9128 1855 4183 9485 2232 9949 4638 5304 7830 6010 4743 6426 2185 9617 6180 5154 1931 8997 7550 4225 9259 2987 5009 9353 6041 6094 5178 4347
27 6845 3827 7871 6155 9397 6452 8201 6747 8182 4579 1168 1589 1796 4713 1667 3853 4493 6863 1426 2733 8102 9061 5571 7807 2523 4962 3517
27 1472 688 1196 1275 9899 4030 6826 6652 3654 9733 7942 7282 5259 6418 1713 5081 4085 3378 8856 9684 8188 1878 8979 677 8024 8514 9527
28 9155 8205 1113 2640 9076 593 5990 3242 9795 7046 8224 301 2121 3382 8124 6518 3125 1291 9566 9357 3823 50 3374 3713 4798 7968 9782 7364
26 3256 4878 5334 9699 4442 1016 1133 365 9415 6572 6364 2260 3771 2617 1409 3605 8497 9156 6043 1041 4848 3424 1762 4895 3901 6537
26 3145 1415 7689 9378 5968 8651 7201 7880 5861 21 1799 9280 7276 6462 9513 9567 4742 4301 2180 1966 8160 4631 3906 4791 2249 9481
26 993 4397 7397 2573 2841 7022 4358 9267 2558 8628 8859 237 6137 2413 278 1918 6760 3252 8612 6477 4613 1005 3098 6159 4422 2719
31 9340 1599 2241 191 5247 5826 785 167 8001 4079 5474 8917 9545 3435 877 7233 6904 8087 2327 5098 7428 2974 4022 3133 9433 4270 9143 1967 9003 950 3530
26 558 4236 8566 1059 1515 9540 2337 902 7415 7336 6460 3819 7114 4139 5531 3432 7943 3394 7469 4569 6569 6408 196 7089 6264 7187
27 2452 612 3972 8503 9884 5654 5201 5748 2624 3850 7275 2610 7989 1483 3054 2549 8999 1013 5672 6232 9965 8806 8344 8302 6784 1136 2565
32 671 474 3119 1491 736 6005 53 996 1306 4577 7536 1889 1069 2705 2724 7696 3894 9547 2187 3650 8837 4389 8208 4198 7818 9608 4979 1951 6366 2712 7424 6906
27 4661 6021 5149 3519 906 1264 5058 6295 7078 2320 1215 8020 6836 2939 9681 5790 9525 7635 6875 4731 9834 6592 7055 5515 1937 145 3769
27 4616 6931 416 9933 1278 3557 2167 2129 2158 5838 1089 1189 6252 225 8675 7271 6009 2087 9511 3000 6259 6254 2115 3239 8750 8771 8265
29 2636 8730 8017 7442 2166 515 5682 8093 1342 9990 6097 1564 7068 5847 9233 4351 4676 335 1213 5468 3097 6536 2529 5286 9170 8516 3148 8583 9418
29 7822 523 2836 479 2048 2049 7870 9310 4388 2654 7847 4657 3131 5073 3108 6991 1195 7578 4133 2628 757 543 7967 2559 6201 6308 9904 6650 6172
26 395 8339 817 9033 7728 5863 1433 5293 6037 8878 3975 6206 3695 3393 1142 9794 303 4162 8056 495 5788 9569 7520 6325 9748 7756
25 8407 3482 9732 3417 5522 9989 8256 7038 9376 6918 223 6721 1461 998 8028 1645 5927 5676 9225 8836 8032 7810 9164 7805 7917
29 9872 2550 6347 9787 3410 3292 1794 1593 3871 6312 8025 83 1880 1544 5909 9290 4340 6963 1656 7325 136 7862 9536 9572 2211 3607 4586 212 4915
29 6190 9887 5973 6655 3762 4165 589 7988 1541 7317 8874 5407 3280 5412 4992 2666 2015 3047 9776 9867 7398 2787 7250 7224 1583 3727 6008 4775 7502
31 2823 2091 6796 4769 9606 7986 6280 3619 3803 1354 2552 70 4440 7877 5451 1873 4637 2475 7898 834 6964 4159 201 5792 607 3459 2627 7553 9607 5033 419
27 5552 5233 3471 5031 5117 15 9467 888 1555 5530 8832 9655 6908 1146 6175 9209 1156 4787 7783 9519 3526 9680 1718 4297 951 4256 6804
24 1753 5324 7698 850 2212 7185 3225 662 420 3362 3273 7838 6143 866 7681 8158 6527 3916 3597 5221 3014 4890 9431 9307
29 6638 9850 2205 9385 3331 4587 2375 4487 3185 5355 7743 7036 4435 6145 7846 7321 8348 758 7676 1502 8300 4806 8359 614 9523 6828 2776 788 3375
29 8595 5383 1734 7120 460 3744 5726 9825 9546 2027 1610 4822 4028 5689 6337 1530 4373 7909 3971 4706 5078 7420 4283 6103 6797 7970 1071 3008 8395
26 2652 1595 4068 4415 4250 1639 7981 9798 8668 3825 9466 3778 4598 8621 4280 7630 7231 8571 3012 9682 6465 235 5092 3366 2213 711
29 3233 4260 9248 8851 7552 8261 629 1165 9665 8365 6538 5900 8794 2122 2520 1223 9424 5479 285 1884 2676 2102 6981 1716 8660 990 4556 8167 592
31 3902 724 5557 5966 7449 9515 6016 7464 7777 3882 4864 168 8008 6367 7112 9430 3657 183 8519 762 500 3976 2750 1463 242 942 1594 5466 7677 6722 5551
31 601 8183 8227 3932 404 6520 221 9055 5163 6550 3481 3794 4565 7459 918 1706 1571 4164 7879 8800 8 5165 8863 6370 6541 4039 9713 5870 9829 3918 6246
27 8315 4632 2459 338 1674 572 7541 689 9420 5647 9983 4295 5600 4578 6220 1613 1190 454 4932 3521 7019 4360 5586 5667 1473 4111 5486
30 9742 9727 1531 9459 2736 9520 1740 3348 6236 5976 257 1861 3846 2818 1847 3028 9729 3204 7103 807 944 5933 7892 7101 7868 3111 79 3653 3826 9510
35 9284 6980 8399 5965 2350 82 4286 6481 5796 1322 3934 4263 3784 373 3431 8967 8938 9135 5230 5443 5546 1391 4555 1941 7732 5602 154 890 4242 6273 6077 5936 4384 5375 7063
26 9211 9718 3630 1835 1505 4983 3847 3486 2039 7257 8907 3834 7288 5504 5727 8982 2488 6691 8664 6903 9637 5864 9579 8744 6898 4644
33 8090 8896 3460 1590 5207 2535 7249 2677 5323 2950 1326 9260 4990 5442 7990 249 6228 4669 3129 955 8321 8271 9901 2816 5735 7902 5300 197 8736 5569 2031 6179 6614
29 7609 552 6864 9150 4005 5683 7379 8274 925 2280 7009 777 1968 4276 1876 7546 6962 759 6023 7446 1513 5437 8179 1287 2834 448 2380 1791 2254
30 1466 8299 7030 8781 8540 1210 8954 4323 150 7597 1749 8284 8605 5132 8422 2256 2708 7081 1240 8379 6270 6514 4729 8929 9032 5809 4762 1672 6240 6730
26 8724 2698 1364 2715 4455 2147 2346 1898 3167 8055 2050 7056 6508 2464 3897 8210 1341 7433 6934 4810 8126 4908 1509 7726 9995 7641
25 5354 4057 3201 3 9115 4567 456 3170 3675 8215 5661 9464 8901 1673 1654 5495 7582 1159 7339 8742 399 7192 1540 3403 6301
34 6891 1824 2795 4214 4622 9678 4948 8897 2247 2274 1370 6515 8677 5124 71 7701 1308 4421 2631 7437 8491 7832 4826 7710 8767 6383 3924 897 8622 3112 8845 1727 5410 1635
28 5262 5889 874 3950 9640 1588 1131 8831 9975 9781 1269 7753 8844 1948 6291 3747 4328 1376 1591 9009 7669 8065 8902 1254 2571 321 5779 7652
30 9858 8504 9568 8949 663 5945 3479 1149 4190 871 3364 7377 9497 6429 143 522 3370 2312 8313 2596 3964 6031 1843 6548 2953 1333 1601 7772 2530 2507
29 7735 2156 1062 9646 3866 571 232 5670 1802 3254 59 1206 3124 6735 2551 7310 6170 5640 4837 935 1355 423 4362 2694 5527 8195 6189 3048 519
25 3611 7494 8934 659 1961 8375 851 356 3262 67 2977 7586 367 6851 9419 1973 4261 1649 4554 6126 5039 7121 2616 2493 6121
28 9890 2711 2583 7638 3476 1597 171 2391 7393 3715 323 995 9127 7983 1695 1262 9367 5646 7499 2299 9749 2543 3572 1375 8219 574 2786 3642
27 9328 548 7481 1025 7259 7538 3587 8840 4243 2852 7104 2761 5767 8882 4080 9683 1224 9922 7366 3933 6281 6782 4877 8305 1150 7399 5638
26 1764 3247 7380 9636 4573 1076 1414 9898 9220 6256 5440 2148 6486 1046 9232 6802 1910 7506 7311 9879 1874 6533 5849 7537 7886 7010
28 8267 626 8969 5153 9130 1644 6027 6437 74 1248 5035 3606 8507 9845 693 1114 5199 5236 7225 8397 5663 5025 7666 4884 860 7029 7004 6135
29 5370 5608 2693 7020 779 2633 9773 3731 5188 7896 4672 4446 38 6238 9618 6044 7853 6078 4094 5931 7535 1381 9101 5294 9912 2345 8539 977 9784
27 7901 2563 839 8513 9416 2236 6710 6686 266 3336 6582 4599 844 96 2697 9528 7632 2898 7548 7913 2199 2884 1470 3710 5432 2810 3082
28 8453 4581 5209 2304 9454 8575 6990 2021 2175 2955 9970 9502 4612 8436 3514 5971 8599 6466 9266 5047 1077 1162 5380 8197 6667 4827 8945 8096
31 7256 8039 5008 7611 2469 5263 3442 3680 6703 6286 8914 5278 8150 7082 2857 1244 7043 8338 7515 2108 5399 7573 853 9206 2856 632 1815 9947 3218 6952 6511
32 4801 1660 9288 2330 9940 9751 9484 949 704 8239 1167 9885 2230 1724 92 3609 2060 3067 8758 4056 9401 6468 5892 29 195 1790 3930 8376 4680 4257 1851 4594
