17 2571 5387 3430 1777 6438 6076 378 9182 2787 9738 5593 8937 5642 3194 592 8197 8336
16 6670 1593 8274 977 6076 3051 7494 9182 5593 9130 2741 5267 7096 2978 8061 8336
15 7463 8736 457 2382 6076 3051 7494 9182 2787 5593 9130 2741 5267 3227 1140
10 8773 2077 5593 2741 5267 5642 3194 5630 2358 6600
15 474 6208 5054 6076 3051 7494 9182 5593 3701 8937 2741 5267 8014 4562 1140
18 8292 4437 8207 4107 6076 3051 7494 9182 5593 3701 8937 2741 5267 9812 6406 9148 8061 3000
20 5018 1492 5089 6836 933 7883 6076 3051 7494 9182 5593 3701 8937 2741 5267 1166 8815 8197 8336 4341
18 9313 5358 4833 8835 69 849 6076 378 9182 2787 5593 9130 2741 5267 5642 3194 8186 1140
18 7956 2511 9633 4410 6076 3051 378 9182 2787 5593 9130 2741 5267 5642 3194 8755 8061 3076
19 1335 4546 9602 4665 4686 2967 6076 3051 7494 9182 5593 9130 2741 5267 2966 9148 8197 8336 2158
19 677 19 627 3092 8823 506 6076 3051 7494 9182 5593 3701 8937 2741 5267 7822 8904 3234 6600
16 2949 7553 7876 8991 6076 3051 7494 9182 5593 9130 2741 5267 8809 6612 8061 4631
16 1315 6457 8792 856 6076 7494 9182 2787 5593 9130 2741 5267 5642 9900 4562 1140
18 4309 6135 5295 8868 7579 6076 378 9182 2787 5593 9130 9419 2741 5267 8500 1116 8061 2030
16 7965 3249 2975 5920 5234 6076 3051 7494 9182 5593 9130 2741 5267 7239 3010 8336
13 3156 6110 3572 6450 1994 9954 5267 5642 3194 4688 9148 8061 8336
19 2920 6139 1852 4630 8915 9289 6076 378 9182 2787 5593 9130 2741 5267 5642 3194 576 8061 8336
7 2356 2915 3462 2573 4862 8061 4122
14 5970 789 1904 6076 3051 7494 9182 5593 9130 2741 5267 3194 3241 1140
18 4435 3068 7567 3842 5783 6076 3051 7494 9182 5593 3701 8937 2741 5642 3194 2909 8931 6600
14 1209 9864 1685 7494 9182 5593 9130 2741 5267 3194 4518 9148 8061 6667
14 7109 1601 7494 9182 5593 9130 2741 5267 3194 7402 534 8920 8336 8392
19 5335 8029 7406 718 7337 6076 378 7494 9182 5593 3701 8937 2741 5642 3194 8460 8197 8336 1974
19 88 9733 1984 3601 1054 780 8059 6076 378 9182 2787 5593 9130 9419 2741 5267 9911 5353 1140
15 84 5746 3291 7494 9182 5593 3701 8937 2741 5642 3194 4916 2978 8061 8336
21 2135 2748 7637 9297 3585 2825 6076 378 9182 2787 9712 4493 3701 8937 2741 5642 3194 6775 8197 8336 1974
19 6466 8783 3758 5777 9702 6076 378 9182 2787 5593 9130 9419 2741 5267 6460 9877 8197 8336 3820
18 4525 3245 3989 4720 9345 6076 3051 7494 9182 2787 5593 9130 2741 5267 3194 2175 8061 748
13 6002 666 6076 9182 5593 3701 8937 2741 5267 9849 8815 8197 8336
12 1178 4101 9182 2787 5593 9130 2741 5267 5642 3194 274 1140
15 7399 9965 2605 6771 6076 3051 7494 9182 5593 9130 2741 5267 3981 8815 6600
11 4377 1406 4255 7444 5593 3701 8937 5642 3194 8017 1140
17 4094 567 6875 9830 5347 6076 3051 7494 9182 5593 9130 2741 5267 9516 2978 8061 8336
12 719 8034 9182 2787 5593 9130 2741 5267 1487 8815 8197 8336
16 1515 7677 9640 4003 6076 3051 7494 9182 5593 9130 2741 5267 5642 9900 4562 1140
16 303 8566 8382 2031 6076 3051 7494 9182 5593 9130 2741 5267 3194 6339 8061 973
20 3629 7704 4455 3991 4826 381 6076 3051 7494 9182 2787 5593 9130 2741 5267 3194 6187 8061 8076 8336
10 9913 4405 7494 9182 5593 9130 2741 5267 3194 1956
17 3580 6155 3602 3453 6076 7494 9182 2787 5593 9130 2741 5267 3194 9643 5956 8061 8336
21 6783 4781 9595 5996 9869 6058 3542 6076 3051 7494 9182 2787 5593 9130 2741 5267 8860 5385 9239 8197 8336
14 6403 6703 9182 2787 9712 4493 3701 8937 2741 5267 1259 8815 8197 8336
16 8310 8484 5818 4467 7494 9182 5593 3701 8937 2741 5267 7221 8815 8197 8336 3526
12 3696 8995 9712 4493 3701 8937 2741 5267 5550 9148 8061 6490
18 3253 5710 7373 6076 3051 7494 9182 2787 5593 9130 2741 5267 3194 2443 914 534 8336 8905
10 6412 1530 5285 3554 476 2654 5561 8197 8336 5111
12 1757 4959 7804 4493 3701 8937 5642 3194 9056 4626 8076 8336
18 7928 6752 493 172 6076 3051 378 9182 2787 5593 9130 2741 5267 5642 3194 9716 9269 8336
18 2432 3276 8774 6942 6903 6076 3051 7494 9182 2787 5593 9130 2741 5267 3194 6617 8061 8927
10 1066 1194 4011 6357 8937 5642 3194 3661 8061 8336
12 6252 9116 9182 2787 5593 9130 2741 5267 5642 3194 7368 6600
19 1992 7927 7574 8653 6076 378 9182 2787 9712 4493 3701 8937 2741 5642 3194 6684 9148 8061 8280
19 5868 2626 7236 7737 8989 6076 3051 7494 9182 2787 5593 9130 2741 5267 1846 8815 8197 8336 3158
7 187 7948 5135 3194 495 3630 8336
15 4078 3891 4048 9182 2787 5593 9130 2741 5267 5642 3194 3595 8061 8076 8336
16 8175 8489 4935 5541 511 6076 3051 7494 9182 5593 9130 2741 5267 2043 8815 6600
18 4008 7114 5189 533 1797 6076 378 9182 2787 5593 9130 9419 2741 5267 3505 8815 8197 8336
13 6031 9620 378 9182 2787 5593 9130 2741 5267 5642 3194 9994 1140
17 8640 9087 200 3833 6076 3051 7494 9182 5593 9130 2741 5267 3194 1277 8197 8336 3730
19 1543 8848 4867 8614 6076 3051 7494 9182 5593 9130 2741 5267 3194 4237 6539 534 2719 8336 7855
19 9393 8209 8426 1804 9634 2041 6076 3051 7494 9182 5593 9130 2741 5267 3194 2437 5274 8061 8336
14 1560 3329 211 6076 9182 5593 9130 2741 5267 3194 7538 2396 8061 7175
14 7475 1838 4352 6076 9182 2787 5593 9130 2741 5267 3194 6436 3234 6600
18 4839 1407 8447 9144 7226 6076 3051 7494 9182 5593 9130 2741 5267 8523 8815 8197 8336 8778
16 3869 5034 9944 5602 6076 3051 7494 9182 5593 3701 8937 2741 5267 2612 3234 6600
9 7013 3502 9130 2741 5267 5642 9900 4562 1140
17 5299 9052 442 6710 1102 6076 378 9182 2787 5593 9130 2741 5267 5642 3194 613 2936
17 2695 3396 3594 6076 378 9182 2787 9712 4493 3701 8937 2741 5642 3194 2125 8197 8336
18 568 2566 9485 1792 5012 6076 3051 7494 9182 5593 3701 8937 2741 5267 3258 5385 8061 9865
17 2519 8149 2957 8157 7196 6076 7494 9182 5593 3701 8937 2741 5642 3194 4768 8061 2334
19 5440 1773 2642 3921 3319 6076 3051 7494 9182 5593 3701 8937 2741 5267 6999 2978 8107 7723 8336
18 9707 9920 1200 2639 6076 3051 7494 9182 2787 5593 9130 2741 5267 3194 103 8061 8076 8336
21 2465 9405 6924 8902 6413 6615 6076 3051 7494 9182 5593 3701 8937 2741 5642 3194 2370 9967 8197 8336 2617
16 9976 4260 892 1208 9182 2787 5593 9130 2741 5267 5642 3194 5072 534 8336 9531
17 4379 697 9487 2982 6076 378 7494 9182 5593 3701 8937 2741 5642 3194 3959 8061 8887
15 3607 9985 5686 6076 378 9182 2787 5593 9130 2741 5267 5642 3194 3977 1140
17 5497 1384 7319 6338 5240 6076 3051 7494 9182 5593 3701 8937 2741 5267 8780 8061 8336
19 9847 6747 6410 8133 4957 6076 378 9182 2787 9738 5593 2741 5267 5228 5642 3194 776 8061 8336
13 8878 8766 6076 7494 9182 5593 3701 8937 2741 5642 3194 7566 1140
19 9752 7320 3017 6634 6076 3051 7494 9182 5593 3701 8937 2741 5642 3194 6443 4567 8197 8336 1974
20 2735 7864 9267 6718 9549 4658 6076 378 9182 2787 5593 9130 9419 2741 5267 7592 8815 8197 8336 226
16 9084 3317 2440 7277 6076 3051 7494 9182 5593 9130 2741 5267 9741 4188 8197 8336
19 7429 6884 720 6749 1977 6076 378 9182 2787 5593 9130 2741 5267 5642 3194 2400 2563 8061 7371
19 7657 328 8198 7557 9002 6076 3051 7494 9182 2787 5593 9130 2741 5267 3194 3011 8107 8738 8336
16 4090 5517 284 7442 6076 3051 7494 9182 5593 9130 2741 5267 9248 6146 8061 8336
16 3442 2293 3544 3566 6076 3051 7494 9182 5593 3701 8937 2741 5267 9678 8815 6600
16 5693 209 2992 2651 6076 7494 9182 2787 5593 9130 2741 5267 3194 1468 3234 6600
18 672 6404 5510 5369 7446 7172 6076 3051 7494 9182 5593 9130 2741 5267 9177 8815 8197 8336
20 6822 9452 9255 439 9511 6076 3051 378 9182 2787 5593 9130 2741 5267 5642 3194 1337 3399 3234 6600
16 4494 2074 164 6076 378 9182 2787 9738 5593 8937 5642 3194 6447 8197 8336 3897
17 549 6004 3680 6076 3051 7494 9182 5593 3701 8937 2741 5642 3194 7624 5385 8061 5850
16 9619 5393 3910 7580 2056 6076 3051 7494 9182 5593 9130 2741 5267 3194 7781 1140
16 1305 8302 6455 4080 9071 6076 7494 9182 2787 5593 9130 2741 5267 3194 3902 1140
13 9563 8574 951 4520 5593 2741 5267 5228 5642 3194 2863 8061 6600
19 6263 5237 2657 3200 3840 6076 3051 378 9182 2787 5593 9130 2741 5267 5642 3194 3115 8061 7917
18 5192 2006 4502 7554 1491 4245 6076 378 9182 2787 5593 9130 2741 5267 5642 3194 6728 1140
14 3055 5721 4558 6076 3051 7494 9182 2787 5593 9130 2741 5267 115 1140
19 1097 9347 3976 4421 98 1684 6076 3051 7494 9182 5593 9130 2741 5267 4541 509 8815 8197 8336
18 4601 3236 315 4836 6076 7494 9182 2787 5593 9130 2741 5267 3194 5216 3551 534 8336 6400
19 9003 3640 1030 41 2518 4629 6076 9182 2787 5593 9130 9419 2741 5267 163 8815 8197 8336 6687
18 2247 2335 6255 6021 7193 6076 7494 9182 2787 5593 9130 2741 5267 3194 7192 8197 8336 3713
13 2015 8772 6076 9182 5593 3701 8937 2741 5267 1096 8815 8197 8336
16 4742 6654 2106 7379 6076 7494 9182 5593 3701 8937 2741 5642 3194 8126 3234 6600
12 700 7357 4109 1260 4411 9419 2741 5267 3194 78 8197 8336
19 423 1414 4200 4299 6186 1634 6076 3051 7494 9182 5593 3701 8937 2741 5642 3194 538 8061 8013
18 8518 109 5572 8309 95 1460 6076 3051 7494 9182 5593 3701 8937 2741 5267 3507 8569 7201
17 1273 7512 3066 6764 5917 6076 7494 9182 2787 5593 9130 2741 5267 3194 3235 3234 6600
17 8731 4648 3263 6012 9464 6076 7494 9182 5593 9130 2741 5267 3194 5587 6995 8336 2820
20 6689 1227 3196 3773 3375 5756 6076 3051 7494 9182 5593 3701 8937 2741 5642 3194 9998 8061 8076 8336
8 8890 9135 2741 5267 3194 6444 8061 1446
14 9514 7891 655 6076 3051 7494 9182 5593 9130 2741 5267 3194 5249 1140
19 2720 8024 1313 6316 9743 6076 3051 378 9182 2787 5593 9130 2741 5267 5642 3194 5470 8197 8336
19 7861 6329 1142 9575 6076 3051 378 9182 2787 5593 9130 2741 5267 5642 3194 2139 8061 8076 8336
13 3090 7108 982 9182 2181 2787 5593 9130 2741 5267 2290 9661 6600
14 713 1973 6076 9182 5593 3701 8937 2741 5642 3194 6779 5385 8061 2010
20 6277 7287 9401 7638 9109 6076 378 9182 2787 5593 9130 9419 2741 5267 5564 9697 534 2719 8336 9211
16 5934 9473 5890 6265 2112 6076 3051 7494 9182 5593 9130 2741 5267 4971 8815 6600
16 6901 4170 7102 7174 6076 7494 9182 2787 5593 9130 2741 5267 3194 7615 8061 6545
17 6815 3575 6164 7430 4141 6076 378 9182 2787 9738 5593 8937 5642 3194 1383 8061 8336
18 7070 4428 481 1655 4029 6076 7494 9182 2787 5593 9130 2741 5267 3194 26 8197 8336 5333
12 4679 3270 9182 2787 9738 5593 8937 5642 3194 304 3234 6600
18 5445 1013 8370 419 3783 9064 6076 378 9182 2787 5593 9130 9419 2741 5267 2693 8061 6545
13 1105 6076 9182 5593 3701 8937 2741 5642 3194 3031 4000 7820 8336
18 2883 2123 825 8093 3420 6076 3051 7494 9182 2787 5593 9130 2741 5267 3194 386 8061 7969
20 3817 7140 9852 9556 8448 9042 6076 378 9182 2787 9738 5593 2741 5267 5228 5642 3194 4272 8061 5175
18 9305 8020 8786 6220 8681 6076 378 9182 2787 5593 9130 9419 2741 5642 3194 281 9193 6600
15 4059 3990 5535 9349 9182 5593 9130 2741 5267 3194 2189 3234 534 8336 888
18 1138 9544 1970 5620 6076 3051 7494 9182 2787 5593 9130 2741 5267 5642 3194 6773 8061 7753
14 5324 9649 9636 6076 3051 7494 9182 5593 9130 2741 5267 3194 6522 1140
17 1867 2714 9806 3108 6474 6076 3051 7494 9182 5593 9130 2741 5267 3194 4251 8061 5456
10 4758 3608 9712 5593 2741 5267 5642 3194 366 1140
12 311 6076 9182 5593 3701 8937 2741 5642 3194 5373 8061 8336
19 6381 8629 7249 5955 7668 6076 378 9182 2787 5593 9130 2741 5267 5642 3194 7672 8061 8076 8336
18 2917 864 9382 8079 6076 3051 7494 9182 5593 3701 8937 2741 5267 7216 8815 8197 8336 1974
19 6706 5060 1524 4482 4297 6076 3051 7494 9182 5593 9130 2741 5267 3194 1296 534 2719 8336 8972
8 7957 7116 3865 9927 559 8197 8336 1974
16 769 8711 6076 2787 9738 5593 2741 5267 5228 5642 3194 4357 9148 8197 8336 2493
17 519 2324 8203 9874 5732 6076 3051 7494 9182 5593 3701 8937 2741 5642 3194 4456 1140
16 5717 9845 3191 6076 3051 7494 9182 5593 3701 8937 2741 5267 5951 8815 8197 8336
19 4071 8104 7372 4973 2250 6076 378 9182 2787 9738 5593 8937 5642 3194 9783 5597 534 8336 8002
13 606 3708 9182 5593 3701 8937 2741 5642 3194 1748 2978 8061 8336
15 8708 4583 4196 1206 6076 9182 5593 3701 8937 2741 5642 3194 8911 7189 8336
20 3549 7230 7792 3821 7874 9524 6076 3051 7494 9182 5593 3701 8937 2741 5642 3194 6140 9148 8197 8336
17 7499 9820 5049 9890 7662 6076 7494 9182 5593 3701 8937 2741 5642 3194 4701 8061 4817
18 1776 6786 565 8419 6076 3051 7494 9182 2787 5593 9130 2741 5267 3194 7904 2719 8336 1851
19 3307 5113 5466 4673 1508 6076 3051 7494 9182 5593 3701 8937 2741 5642 3194 5462 322 8336 954
19 8477 2536 4194 9628 6430 6076 3051 7494 9182 5593 3701 8937 2741 5267 9028 8815 8197 8336 3412
18 6663 3409 6951 2132 6076 3051 7494 9182 5593 3701 8937 2741 5642 3194 777 8669 8061 2873
17 5235 7198 7255 3915 6076 3051 7494 9182 5593 9130 2741 5267 6313 8815 8197 8336 3081
17 5300 6740 7867 6076 3051 7494 9182 2787 5593 9130 2741 5267 6082 4114 9148 8061 556
19 9409 817 2681 1640 2896 6076 378 9182 2787 9738 5593 8937 5642 3194 9843 3234 534 8336 3059
15 8950 8254 5779 6076 3051 7494 9182 5593 3701 8937 2741 5267 7697 8815 6600
15 3167 9851 332 7323 6076 3051 7494 9182 2787 5593 9130 2741 5267 3102 1140
12 563 4587 9182 5593 3701 8937 2741 5642 3194 8097 8061 8336
13 9679 3527 2717 6076 9182 5593 9130 2741 5267 3194 5233 3234 6600
16 768 935 6076 378 9182 2787 5593 9130 2741 5267 5642 3194 8974 9148 8197 8336
18 5860 1228 2198 7870 2235 6076 3051 7494 9182 2787 5593 9130 2741 5267 3194 594 9674 8336
16 8758 1503 6076 9182 2787 5593 9130 2741 5267 5642 3194 8540 3234 534 8336 5149
10 8670 8110 8937 2741 5642 3194 3277 8197 8336 1974
20 6916 6502 9137 3461 3426 1186 6076 378 9182 2787 9738 5593 2741 5267 5228 5642 3194 3186 8061 9448
18 9888 4984 3830 8521 7690 6076 3051 7494 9182 5593 9130 2741 5267 30 8815 8197 8336 8907
11 6807 1192 5352 9130 2741 5267 5642 46 5385 8061 8753
17 2316 7711 3779 3058 6076 3051 7494 9182 2787 5593 9130 2741 5267 3194 4312 2148 6600
19 2061 5990 2455 9105 6842 6076 3051 7494 9182 2787 5593 9130 2741 5267 3194 836 8197 8336 2868
22 5086 2424 4387 6192 9045 802 7683 3116 6076 378 9182 2787 5593 9130 2741 5267 5642 3194 6104 8197 8336 1974
19 4058 8699 1233 8940 6076 378 9182 2787 9738 5593 2741 5267 5228 5642 3194 9541 8061 8076 8336
17 4618 3333 7210 4349 9735 6076 378 9182 2787 9738 5593 8937 5642 3194 2844 8061 6545
18 7929 271 9078 8536 665 8796 6076 3051 7494 9182 5593 9130 2741 5267 9222 8815 8197 8336
15 7561 9385 4137 6076 378 9182 2787 5593 9130 9419 2741 5642 3194 2191 5877
13 7401 3540 3354 2212 9130 2741 5267 5642 3194 1772 8197 8336 2038
5 2384 4065 5344 4614 8336
14 4855 3147 5503 7494 9182 2787 5593 9130 2741 5267 189 9331 2785 6315
18 273 3294 5698 9543 3938 1 6076 378 9182 2787 9738 5593 8937 5642 3194 1720 4578 9674
17 6831 2928 730 290 6076 3051 7494 9182 2787 5593 9130 2741 5267 5642 9900 4562 1140
17 9325 5112 4233 3490 2036 6076 3051 7494 9182 2787 5593 9130 2741 5267 3194 4978 1140
17 3444 6150 3105 2570 6076 3051 7494 9182 2787 5593 9130 2741 5267 3194 1682 7405 8336
10 5769 2641 1588 498 3936 8937 5642 3194 7755 1140
17 9140 1421 846 6076 3051 7494 9182 5593 3701 8937 2741 5642 3194 1638 9148 8061 3525
15 4948 3740 6076 9182 2787 5593 9130 9419 2741 5642 3194 5302 9148 8197 8336
18 8703 2788 206 3717 267 6076 3051 7494 9182 5593 9130 2741 5267 8058 8815 8197 8336 3223
18 117 9402 8784 1755 6076 378 9182 2787 5593 9130 2741 5267 5642 3194 3561 5385 8061 5696
13 7913 3906 9182 2787 9712 4493 3701 8937 2741 5642 3194 7898 1140
21 6695 9166 2520 2401 4207 2635 3583 6076 3051 7494 9182 5593 3701 8937 2741 5267 2906 4114 9148 8061 9350
19 7040 1372 6304 318 3414 6076 378 9182 2787 5593 9130 9419 2741 5267 2842 2978 8061 8076 8336
11 3855 8262 4223 4112 306 5267 6589 4114 9148 8061 5524
16 3371 3170 6547 6076 3051 7494 9182 5593 9130 2741 5267 3434 8815 8197 8336 1974
9 8329 8967 6886 5267 294 8815 8197 8336 5840
18 9675 7398 9469 6420 266 6076 7494 9182 2787 5593 9130 2741 5267 5642 3194 8304 2204 9489
14 6198 1778 9182 2787 5593 9130 9419 2741 5267 1820 8815 8197 8336 9786
14 9449 1580 6076 9182 5593 3701 8937 2741 5267 4403 3359 8197 8336 4650
16 4307 9090 5425 6984 6076 3051 7494 9182 5593 9130 2741 5267 3194 6396 3234 6600
17 375 8978 7312 596 3047 6076 3051 7494 9182 5593 9130 2741 5267 1391 8815 8197 8336
16 1040 513 8285 7710 6076 3051 7494 9182 5593 3701 8937 2741 5267 8998 8197 8336
19 222 7687 2422 3866 4285 2916 6076 378 9182 2787 9738 5593 8937 5642 3194 5767 9148 8197 8336
17 1005 8586 3541 6922 7382 6076 3051 7494 9182 5593 9130 2741 5267 3194 5259 171 6600
13 9550 6076 9182 5593 3701 8937 2741 5642 3194 5768 9148 8197 8336
12 3555 8965 9182 5593 3701 8937 2741 5642 3194 8345 3234 6600
9 1135 2997 8937 2741 5267 7642 8270 8061 8336
11 3578 7628 9182 5593 9130 2741 5267 1859 4067 3234 6600
19 5424 7293 5218 1674 1995 6409 6076 3051 7494 9182 5593 9130 2741 5267 3194 2325 9148 8061 6314
16 4894 2166 4228 5539 6076 378 9182 2787 9738 5593 8937 5642 3194 5122 8061 8971
15 920 2942 6053 3475 6076 3051 7494 9182 5593 9130 2741 5267 3194 4997 1140
20 9799 4877 9316 975 6128 5627 6076 378 9182 2787 9738 5593 8937 5642 3194 4487 9739 534 8336 8196
20 2559 3918 9274 5214 2973 2537 9314 6076 3051 7494 9182 5593 3701 8937 2741 5642 3194 6696 2197 8336
15 6541 1527 6475 6575 6076 7494 9182 5593 9130 2741 5267 3194 1905 8061 220
18 961 1113 6327 9450 6076 3051 7494 9182 5593 3701 8937 2741 5642 3194 3070 5385 8061 5607
19 372 7889 3424 3603 989 2333 6076 3051 7494 9182 5593 3701 8937 2741 5267 9438 2978 8061 8336
16 7952 9306 5699 8348 6076 7494 9182 2787 5593 9130 2741 5267 2394 8815 8197 8336
10 3654 611 9130 2741 5267 5642 3194 8986 3234 6600
17 24 1024 3073 3114 6076 378 9182 2787 9738 5593 8937 5642 3194 7288 8061 8076 8336
17 2869 842 2711 4761 4733 6076 3051 7494 9182 5593 9130 2741 5267 3194 7788 8197 8336
5 8962 3202 7386 6106 1140
12 4637 5332 9182 2787 5593 9130 2741 5267 5642 3194 9351 1140
19 4150 3459 9412 248 7602 9104 507 6076 378 9182 2787 9738 5593 8937 5642 3194 5364 3234 6600
16 6115 7329 9353 8085 6076 3051 7494 9182 2787 5593 9130 2741 5267 3165 8815 6600
12 3988 1609 3067 5954 9251 5593 8937 5642 3194 3356 9162 6600
9 5885 9974 5983 9419 2741 5267 8895 8061 6545
17 541 8435 2690 5212 152 6076 3051 7494 9182 5593 9130 2741 5267 7777 6146 8061 8336
20 4143 1438 6877 6765 1997 1873 6076 3051 7494 9182 2787 5593 9130 2741 5267 1762 8815 8197 8336 1974
10 6228 8425 8713 2718 8937 5642 3194 395 8107 6509
7 622 2736 7785 8815 8197 8336 9591
18 1833 6239 9926 9613 6076 378 9182 2787 5593 9130 2741 5267 5642 3194 4019 8061 8076 8336
16 6961 5491 6804 4507 4782 6076 3051 7494 9182 5593 9130 2741 5267 3194 4898 6600
10 29 5991 3701 8937 2741 5642 3194 4473 3234 6600
19 1664 4537 8573 417 1949 6076 378 9182 2787 9712 4493 3701 8937 2741 5642 3194 2034 8061 5416
17 55 5744 482 3445 2000 6076 7494 9182 5593 3701 8937 2741 5267 7604 8815 8197 8336
15 9523 4511 199 9512 6076 3051 7494 9182 5593 9130 2741 5267 2388 8815 6600
18 9216 9128 9627 8434 57 6454 6076 3051 7494 9182 5593 9130 2741 5267 4498 8815 8197 8336
18 9283 3311 1518 497 6076 3051 7494 9182 5593 3701 8937 2741 5642 3194 6157 5575 8197 8336
19 4842 2538 8328 4225 656 6076 3051 7494 9182 5593 3701 8937 2741 5267 1631 8815 8197 8336 7238
16 2576 6794 5771 2167 6076 3051 7494 9182 5593 9130 2741 5267 3194 1882 8061 3545
15 4346 7020 47 3022 6076 378 9182 2787 5593 9130 9419 2741 5267 8533 6610
17 1888 6735 448 6446 6076 3051 7494 9182 5593 9130 2741 5267 5170 8815 8197 8336 1974
16 734 8277 7572 5892 6076 3051 7494 9182 2787 5593 9130 2741 5267 3315 8815 6600
14 3149 5743 368 9182 2787 5593 9130 2741 5267 3194 4620 8107 1740 8336
15 7119 1363 6498 6076 3051 7494 9182 5593 9130 2741 5267 3194 7718 8197 8336
14 4214 530 5205 4153 9925 5593 2741 5267 5642 3194 9624 8061 8076 8336
13 7862 6818 6076 9182 2787 5593 9130 2741 5267 3194 134 8197 8336
20 157 739 9685 1564 4703 9951 6392 6076 3051 378 9182 2787 5593 9130 2741 5267 5642 3194 1822 1140
17 2986 8055 1869 4088 1863 6076 3051 7494 9182 5593 9130 2741 5267 5298 5385 8061 4732
15 297 2523 5816 6076 3051 7494 9182 5593 9130 2741 5267 2192 8107 2294 8336
15 1978 3362 9182 2787 9738 5593 2741 5267 5228 5642 3194 936 3567 8061 6545
18 3103 1323 3368 8554 6076 3051 378 9182 2787 5593 9130 2741 5267 5642 3194 3536 855 8336
12 5341 8290 6879 5593 9130 2741 5267 5642 3194 5073 3234 6600
10 2912 3358 7034 9130 2741 5267 5642 3194 8166 1140
17 3281 4414 4184 6360 2338 6076 3051 7494 9182 5593 9130 2741 5267 3194 958 8061 6600
18 5716 6529 9768 7314 8219 4028 6076 3051 7494 9182 5593 9130 2741 5267 3194 4075 3234 6600
18 6724 3257 7465 4050 4020 6076 3051 7494 9182 5593 9130 2741 5267 3194 4660 534 8336 8215
18 957 8376 2782 8856 32 6076 3051 7494 9182 5593 9130 2741 5267 2035 4114 9148 8061 6289
13 445 2899 2495 3614 5593 8937 2741 5642 3194 4692 149 8061 6545
15 3693 245 1326 6076 3051 7494 9182 5593 9130 2741 5267 40 9148 8197 8336
18 2020 2738 1734 9744 9871 6076 3051 7494 9182 2787 5593 9130 2741 5267 5642 9900 4562 1140
21 8395 4873 1635 1121 7086 6425 7434 6076 3051 7494 9182 5593 3701 8937 2741 5267 8151 5786 8107 5068 8336
19 2008 1860 5377 2577 6076 378 9182 2787 9738 5593 2741 5267 5228 5642 3194 7842 8061 8076 8336
19 8406 2357 6669 6563 6076 378 9182 2787 9738 5593 2741 5267 5228 5642 3194 5664 8197 8336 3927
20 5598 5654 2780 4246 3966 9018 6076 3051 7494 9182 5593 3701 8937 2741 5267 5033 8815 8197 8336 632
17 3030 661 3411 4016 5107 6076 3051 7494 9182 5593 3701 8937 2741 5642 3194 6211 1140
19 3471 8323 128 5829 7787 6076 3051 7494 9182 5593 3701 8937 2741 5267 595 7262 9148 8061 6675
18 7141 9935 2230 3083 9557 6076 3051 7494 9182 5593 3701 8937 2741 5267 2095 8815 8197 8336
16 8102 9666 4064 1252 6076 3051 7494 9182 5593 9130 2741 5267 5642 9900 4562 1140
17 8840 5006 9586 2442 6076 3051 7494 9182 5593 9130 2741 5267 3694 1786 2719 8336 7168
14 585 7186 1002 6076 9182 5593 3701 8937 2741 5642 3194 8218 4982 6600
19 268 3138 4154 9562 2470 6076 378 9182 2787 5593 9130 2741 5267 5642 3194 9358 8061 8076 8336
19 4495 6493 9503 830 4396 6076 3051 7494 9182 5593 3701 8937 2741 5642 3194 9157 6176 8061 8336
15 1353 1605 6558 4661 9696 6567 7464 9130 2741 5267 5642 3194 5247 8197 8336
15 8342 9191 5621 6076 3051 7494 9182 5593 3701 8937 2741 5267 121 8815 6600
16 5406 8459 5636 1240 483 6076 3051 7494 9182 5593 9130 2741 5267 3194 8264 1140
11 5649 7152 9182 5593 9130 2741 5267 3194 1435 8061 7160
18 7640 3208 9495 135 6293 6076 9182 2787 5593 9130 2741 5267 5642 3194 8598 3455 8336 1974
19 1528 7612 8548 5025 5626 3616 6076 3051 378 9182 2787 5593 9130 2741 5267 5642 3194 5389 1140
19 583 1100 8462 6536 7686 6076 378 9182 2787 5593 9130 2741 5267 5642 3194 1389 2978 8061 8336
19 2941 7028 8040 8637 3885 984 6076 378 9182 2787 5593 9130 2741 5267 5642 3194 7806 3234 6600
15 8204 8224 1111 6076 3051 7494 9182 5593 9130 2741 5267 5910 4265 8061 8336
17 3025 6658 9559 6069 3398 6076 3051 7494 9182 5593 3701 8937 2741 5267 5526 4562 1140
17 1735 9246 6202 3050 6076 3051 7494 9182 2787 5593 9130 2741 5267 3194 4459 3234 6600
15 5304 7180 499 7494 9182 5593 3701 8937 2741 5642 3194 7305 1322 8336 6869
11 4829 8575 9182 5593 9130 2741 5267 3194 3150 8061 7976
14 741 2603 1803 9819 9182 2787 5593 9130 2741 5267 3194 3447 2204 5157
18 5381 9463 5507 1628 4409 6076 378 9182 2787 5593 9130 9419 2741 5267 4236 2978 8061 8336
19 9979 1883 2079 7224 2305 6503 6076 3051 7494 9182 2787 5593 9130 2741 5267 1152 8815 8197 8336
17 8559 3005 4815 4666 6076 3051 7494 9182 5593 3701 8937 2741 5642 3194 9659 8061 6600
9 6321 330 8937 2741 5267 5642 9900 4562 1140
22 3743 6199 1251 1218 5957 6742 5351 6076 3051 378 9182 2787 5593 9130 2741 5267 5642 3194 1624 8061 8076 8336
20 9581 1170 5856 1955 5663 1272 6076 3051 7494 9182 2787 5593 9130 2741 5267 3098 8815 8197 8336 5270
16 1269 4875 6076 3051 7494 9182 2787 5593 9130 2741 5267 2011 8815 8197 8336 9119
11 6039 4953 5593 8937 2741 5642 3194 1395 5625 8336 1950
22 8520 8979 9012 8346 1908 782 4940 6076 378 9182 2787 5593 9130 2741 5267 5642 3194 4564 731 534 8336 5633
16 3457 7585 168 35 6076 3051 7494 9182 5593 3701 8937 2741 5642 3194 3854 1140
14 8728 9996 8440 3193 9182 5593 9130 2741 5267 2054 8815 8197 8336 2257
15 4687 2436 5516 3972 6076 3051 7494 9182 5593 9130 2741 5267 1643 8815 6600
17 3564 6123 3104 8816 4656 6076 378 9182 2787 5593 9130 9419 2741 5267 6386 8815 6600
18 580 8892 6645 6076 378 9182 2787 5593 9130 2741 5267 5642 3194 3597 8863 8197 8336 1974
18 6649 5213 2426 6711 4705 7190 6076 3051 7494 9182 2787 5593 9130 2741 5267 3194 257 1035
15 61 4885 9282 6473 4869 6076 3051 7494 9182 2787 5593 9130 2741 5267 2866
10 4788 5480 5267 5228 5642 3194 4009 4218 8336 2816
14 5161 4084 8803 6076 3051 7494 9182 5593 9130 2741 5267 3194 5986 1140
20 6456 1489 6296 1223 3605 4938 6076 3051 7494 9182 5593 3701 8937 2741 5642 3194 5176 8197 8336 868
16 8179 965 5090 8791 6076 3051 7494 9182 5593 9130 2741 5267 6962 8815 8197 8336
16 6952 8158 409 5712 6076 3051 7494 9182 2787 5593 9130 2741 5267 3290 8815 6600
16 7877 4208 5017 5668 3325 6076 7494 9182 5593 9130 2741 5267 3194 8169 8061 8336
18 7799 2791 1959 4613 6076 3051 7494 9182 5593 3701 8937 2741 5642 3194 2373 361 8197 8336
17 489 9046 5500 839 5158 6076 7494 9182 2787 5593 9130 2741 5267 3194 6505 8197 8336
18 9207 3655 1177 8146 4602 6076 3051 7494 9182 5593 9130 2741 5267 3062 8815 8197 8336 4501
14 8184 9477 9182 2787 5593 9130 2741 5267 5642 3194 7659 8061 8076 8336
19 8420 2233 6068 7248 4404 5678 6076 3051 7494 9182 5593 3701 8937 2741 5642 3194 9221 8061 8336
8 8675 8227 2059 5642 3194 2144 8061 8336
17 6424 2742 5120 6856 8128 6076 378 9182 2787 5593 9130 9419 2741 5267 2630 7978 8336
15 5245 1221 6141 6076 7494 9182 2787 5593 9130 2741 5267 3194 9955 3234 6600
13 6160 7346 7494 9182 5593 9130 2741 5267 1117 4114 5512 8061 6600
8 7468 5428 5267 3194 9533 8197 8336 1974
16 1866 4624 6550 6076 3051 7494 9182 5593 3701 8937 2741 5267 1476 8815 8197 8336
8 3692 9459 6705 5267 9074 8815 8197 8336
11 8578 5662 9712 5593 8937 5642 3194 3285 9148 8197 8336
10 9121 5650 3701 8937 2741 5642 3194 2933 8141 6600
14 1993 8458 5562 9182 2787 5593 9130 9419 2741 5267 5770 5385 8061 7725
15 3239 2297 3807 9182 2787 5593 9130 2741 5267 5642 3194 9302 5385 8061 4191
18 9901 1651 212 1723 2352 6076 3051 7494 9182 5593 3701 8937 2741 5642 3194 7918 8061 6545
17 7911 1689 5182 5511 6076 3051 7494 9182 2787 5593 9130 2741 5267 5642 3194 6226 6600
14 9411 5808 7846 1830 9483 9130 2741 5267 5642 3194 8997 8061 8076 8336
12 1563 6356 7494 9182 5593 9130 2741 5267 3305 5385 3237 6600
20 4882 7156 8449 2118 4920 9680 7380 6076 378 9182 2787 5593 9130 2741 5267 5642 3194 736 8061 8528
10 5902 3546 1630 7082 150 1399 5267 5642 3194 7809
18 7229 874 9947 2934 7698 6076 3051 7494 9182 2787 5593 9130 2741 5267 3194 6542 8061 8336
16 4066 3579 3334 6340 6076 378 9182 2787 9738 5593 8937 5642 3194 4457 3234 6600
17 6965 8739 2216 1627 6076 378 9182 2787 5593 9130 2741 5267 5642 3194 3039 8061 6600
18 610 5615 4164 428 3666 6076 3051 7494 9182 2787 5593 9130 2741 5267 5642 9900 4562 1140
19 7318 7455 7104 9030 1386 2754 6076 378 9182 2787 5593 9130 2741 5267 5642 3194 8935 8061 8221
17 2429 2589 9011 4657 6076 3051 7494 9182 5593 9130 2741 5267 6374 8815 8197 8336 1974
19 6633 7471 3024 2904 5566 9795 2731 6076 3051 7494 9182 5593 3701 8937 2741 5267 9639 8061 8336
21 2278 190 9320 5554 9286 4250 6076 3051 378 9182 2787 5593 9130 2741 5267 5642 3194 953 4460 8061 1164
14 2774 7428 8338 4807 8192 5593 2741 5267 5642 3194 866 9148 8061 2494
19 9020 1637 3029 7648 8464 6076 3051 7494 9182 5593 3701 8937 2741 5642 3194 4856 2204 1901 8336
8 2418 9949 5642 3194 242 8197 8336 1974
10 9291 7325 9527 5267 5228 5642 3194 21 8061 3503
12 9626 6662 7117 3381 9712 5593 8937 5642 3194 2631 8061 9488
16 9187 5227 6756 2425 9579 378 9182 2787 5593 9130 2741 5267 5642 3194 3449 1140
17 8509 400 6003 956 7097 6076 7494 9182 5593 9130 2741 5267 3194 6281 8197 8336 1974
16 4586 3947 2783 5719 6076 3051 7494 9182 5593 9130 2741 5267 3194 1953 3234 6600
13 4644 5156 7494 9182 5593 3701 8937 2741 5267 1943 8815 8197 8336
16 2327 699 7631 4830 3537 6076 7494 9182 5593 9130 2741 5267 3194 4032 8061 8336
15 4098 3651 4848 640 6076 3051 7494 9182 5593 9130 2741 5267 3194 2308 2876
8 7227 6034 5642 3194 6391 2978 8061 8336
17 6694 2026 2881 6523 6076 378 9182 2787 5593 9130 2741 5267 5642 3194 8741 3234 6600
19 219 7129 4635 7243 5888 1175 6076 378 9182 2787 9738 5593 8937 5642 3194 8775 9148 8061 8201
10 2176 2409 6357 8937 5642 3194 4669 9250 8061 2772
17 1815 5858 1843 9657 6076 3051 7494 9182 5593 9130 2741 5267 3194 9384 8197 8336 124
18 3008 1010 2497 7884 6076 3051 7494 9182 5593 3701 8937 2741 5642 3194 1292 3613 8061 4936
11 5222 7575 9130 2741 5267 5642 3194 6423 9148 8197 8336
17 8271 6159 502 9625 9492 6076 378 9182 2787 5593 9130 2741 5267 5642 3194 959 1140
15 9670 3384 4717 9182 2787 9712 5593 2741 5267 5642 3194 6830 8197 8336 3662
14 2944 435 6076 378 9182 2787 5593 9130 2741 5267 5642 3194 1736 6600
17 6361 7435 3176 7000 7685 6076 3051 7494 9182 5593 9130 2741 5267 5642 9900 4562 1140
9 3321 9872 9130 2741 5267 5642 3194 3256 6600
10 3647 895 9130 9419 2741 5642 3194 9644 3413 8336
12 8564 1874 7494 9182 5593 9130 2741 5267 8638 5385 8061 1375
10 7716 7492 9130 2741 5267 5642 3194 7024 8107 4925
15 113 2784 9813 3403 9252 5593 9130 2741 5267 5642 3194 1073 8197 8336 1974
16 6913 1697 6352 6076 3051 378 9182 2787 5593 9130 2741 5267 5642 3194 2851 1136
17 6607 5540 3795 8682 6076 378 9182 2787 5593 9130 2741 5267 5642 3194 7132 8061 8336
13 3168 9406 7355 9182 2787 5593 9130 2741 5267 3099 5002 8061 195
19 2313 1447 5359 2539 9769 3565 9164 6076 3051 7494 9182 5593 9130 2741 5267 3194 4993 8061 8336
19 1724 7810 8073 3816 6076 3051 378 9182 2787 5593 9130 2741 5267 5642 3194 9767 3856 8061 8336
14 5402 8932 7779 7494 9182 5593 9130 2741 5267 3896 5353 2978 8061 8336
17 6900 658 3188 210 6076 3051 7494 9182 2787 5593 9130 2741 5267 5642 9900 4562 1140
16 2507 8021 5307 3026 6076 7494 9182 2787 5593 9130 2741 5267 5642 9900 4562 1140
16 5343 6851 3632 8747 6076 378 9182 2787 9738 5593 8937 5642 3194 4212 8197 8336
21 3667 3148 3849 9815 9804 8042 6076 378 9182 2787 9738 5593 2741 5267 5228 5642 3194 4378 1976 8165 8336
18 554 8630 166 7546 5711 6076 378 9182 2787 5593 9130 9419 2741 5642 3194 6301 8061 9312
14 7088 7451 3557 1430 6076 9182 2787 5593 9130 2741 5267 3194 6105 1140
12 8587 696 6377 4806 9130 2741 5267 5642 3194 255 8061 5035
15 6418 5875 5887 9654 6076 3051 7494 9182 5593 3701 8937 2741 5642 3194 4301
18 9698 8557 6741 5748 3199 6076 3051 7494 9182 2787 5593 9130 2741 5267 3194 8299 8061 8336
14 8698 6485 9691 364 5593 3701 8937 2741 5642 3194 6769 3484 8336 1974
19 6780 477 6168 2649 7934 6076 378 9182 2787 5593 9130 2741 5267 5642 3194 8109 859 3234 6600
17 6767 2838 7347 9182 2787 9712 4493 3701 8937 2741 5642 3194 2534 5778 8061 8076 8336
20 6044 8715 326 1500 6739 6076 3051 378 9182 2787 5593 9130 2741 5267 5642 3194 5284 8197 8336 9522
19 4056 3596 2143 6125 2261 6076 378 9182 2787 9712 4493 3701 8937 2741 5642 3194 6306 3234 6600
10 2531 3826 2147 8088 5422 3194 5117 8197 8336 1974
18 3410 4693 277 8351 601 6076 3051 7494 9182 2787 5593 9130 2741 5267 3465 8815 8197 8336
17 5881 3197 6206 3739 6076 7494 9182 2787 5593 9130 2741 5267 3609 8815 8197 8336 3523
18 1879 3510 9705 2663 6076 378 9182 2787 5593 9130 2741 5267 5642 3194 2218 333 5728 8336
18 8086 5487 3786 7666 2856 5303 6076 378 9182 2787 9738 5593 8937 5642 3194 4747 8061 8336
21 8189 3160 3129 3875 9757 8768 6076 3051 7494 9182 5593 3701 8937 2741 5642 3194 8491 8532 534 8336 7590
16 2828 902 5282 3615 6076 378 9182 2787 5593 9130 2741 5267 5642 3194 2024 1140
17 1794 4575 3512 4376 6076 3051 7494 9182 2787 5593 9130 2741 5267 9604 8815 8197 8336
19 7849 5727 2963 4910 4863 5477 6076 3051 7494 9182 5593 9130 2741 5267 3194 4316 2204 1622 8336
18 394 2296 1090 7975 5757 854 6076 3051 7494 9182 5593 9130 2741 5267 3194 129 8076 8336
20 6269 945 4794 4980 9254 1729 6076 3051 7494 9182 2787 5593 9130 2741 5267 3194 1982 8061 8076 8336
18 6843 7993 8832 1986 1201 6076 3051 7494 9182 5593 9130 2741 5267 3194 238 8061 8076 8336
20 5027 5971 608 6245 2245 6076 3051 378 9182 2787 5593 9130 2741 5267 5642 3194 2595 1291 8061 7302
18 7709 4706 6200 1963 6076 3051 7494 9182 2787 5593 9130 2741 5267 7068 7708 8197 8336 160
14 7188 1784 873 7494 9182 5593 3701 8937 2741 5267 3624 2978 8061 8336
18 1332 5948 7768 615 4115 6076 3051 7494 9182 5593 3701 8937 2741 5267 9553 4442 8061 8336
18 4475 1625 1276 6029 4202 4291 6076 3051 7494 9182 5593 3701 8937 2741 5267 454 8199 8336
16 7064 1512 1267 950 6076 378 9182 2787 5593 9130 2741 5267 5642 3194 9667 1140
13 8213 6745 2686 6076 9182 5593 9130 2741 5267 3194 7100 8061 6545
11 6912 3036 7494 9182 5593 9130 2741 5267 3194 17 1140
16 8787 726 8588 1550 9190 6076 3051 7494 9182 2787 5593 9130 2741 5267 7315 1140
19 3697 6849 6307 9631 7085 6076 3051 378 9182 2787 5593 9130 2741 5267 5642 3194 9542 8197 8336
20 4536 3049 2512 8410 6000 9179 6076 378 9182 2787 5593 9130 2741 5267 5642 3194 912 9148 8197 8336
20 6656 6189 3951 9805 2399 119 3220 6076 3051 7494 9182 5593 3701 8937 2741 5642 3194 9826 8061 8336
