2 216 205
3 167 64 112
4 0 298 115 97
3 180 20 183
3 116 51 229
3 296 158 289
3 168 40 100
2 54 106
4 34 26 199 228
3 108 244 47
3 85 118 71
2 275 10
3 87 114 84
2 41 70
3 184 177 231
3 164 111 153
3 249 45 178
3 99 128 25
2 212 194
3 110 89 2
3 88 291 43
4 75 23 55 9
3 103 237 278
2 80 16
3 72 122 219
3 8 48 77
3 4 157 31
4 7 174 235 132
3 294 258 37
3 148 170 173
3 134 271 149
2 162 181
3 259 182 130
3 159 201 175
4 286 214 17 94
3 246 27 120
3 299 29 104
3 203 93 264
4 24 230 236 59
3 133 209 247
3 210 146 142
3 62 11 240
3 161 239 1
4 127 86 81 272
3 13 295 141
3 260 190 69
3 276 255 30
3 136 241 292
3 220 22 266
3 92 61 169
3 95 3 176
3 58 28 83
3 137 131 165
3 290 50 251
4 227 222 269 126
4 193 32 139 143
3 15 76 256
3 218 254 145
3 273 68 49
3 150 35 151
2 285 215
3 225 42 186
3 107 207 274
3 74 283 279
3 144 6 208
3 56 204 196
3 105 121 233
3 18 90 293
3 171 185 270
3 187 117 67
3 263 172 280
3 38 163 123
2 63 242
3 125 147 262
3 156 5 189
3 261 109 155
3 60 14 297
3 200 197 192
2 57 98
3 19 140 211
3 198 243 252
1 213
3 267 195 250
3 44 284 78
3 129 217 124
2 79 101
2 245 154
2 226 12
3 21 253 238
3 113 102 265
4 224 202 248 46
3 91 82 66
3 232 138 52
3 166 160 288
2 96 152
2 188 287
3 39 191 223
3 53 73 135
4 277 268 119 257
3 281 282 206
